==============================================================
HC-GDRNet TRAINING JOB
Job 19026692 started at Sun 25 Jan 2026 05:44:09 PM AEDT
==============================================================
Working Directory: /datasets/work/hb-nhmrc-dhcp/work/liu275/Ophthalmology
ðŸ”¥ Using device: cuda
[Init] Loading concept bank from concepts.pth
[Init] Loading Source Domains: ['FGADR_processed_multiclass']
[Init] Loaded 1842 labels for FGADR_processed_multiclass.
[Init] Calculating Class Weights...
âš–ï¸ [Loss Weights] tensor([2.3211, 1.1058, 0.3940, 0.3623, 0.8168], device='cuda:0')
[Init] Building WeightedRandomSampler for Balanced Batching...
ðŸ“Š [Sampler] Class Counts: {0: 101, 1: 212, 2: 595, 3: 647, 4: 287}
[Backbone] Loading local weights from resnet50.pth
[Backbone] Loading local weights from resnet50.pth
[Init] Loading Target Domains (Validation): ['IDRID_processed_multiclass', 'DDR_processed_multiclass']
[Init] Loaded 81 labels for IDRID_processed_multiclass.
[Init] Loaded 757 labels for DDR_processed_multiclass.

>>> Start Training with Robust Curriculum Schedule <<<
ðŸ”„ [Trainer] Weights Updated: CLS=1.0 | SEG=5.0 | CON=0.0

=== Epoch 1/200 | Phase 1: Vision Warm-up ===

    >>> Epoch 1 Summary:
    loss=9.5557 | loss_seg=1.5993 | loss_cls=1.5569 | train_acc=0.2829 | 
ðŸ”„ [Trainer] Weights Updated: CLS=1.0 | SEG=5.0 | CON=0.0

=== Epoch 2/200 | Phase 1: Vision Warm-up ===

    >>> Epoch 2 Summary:
    loss=6.5201 | loss_seg=1.0269 | loss_cls=1.3830 | train_acc=0.3448 | 
ðŸ”„ [Trainer] Weights Updated: CLS=1.0 | SEG=5.0 | CON=0.0

=== Epoch 3/200 | Phase 1: Vision Warm-up ===

    >>> Epoch 3 Summary:
    loss=5.5483 | loss_seg=0.8400 | loss_cls=1.3455 | train_acc=0.3464 | 
ðŸ”„ [Trainer] Weights Updated: CLS=1.0 | SEG=5.0 | CON=0.0

=== Epoch 4/200 | Phase 1: Vision Warm-up ===

ðŸ©º [TRAIN] Step 50
   Losses: Total=4.880 | CLS=1.311 | SEG=0.713
   Pred Dist : {0: 50, 3: 5, 4: 73}
   Label Dist: {0: 26, 1: 19, 2: 22, 3: 27, 4: 34}
   Grad Norm : 7.2364

    >>> Epoch 4 Summary:
    loss=4.9538 | loss_seg=0.7285 | loss_cls=1.3086 | train_acc=0.3536 | 
ðŸ”„ [Trainer] Weights Updated: CLS=1.0 | SEG=5.0 | CON=0.0

=== Epoch 5/200 | Phase 1: Vision Warm-up ===

    >>> Epoch 5 Summary:
    loss=4.4882 | loss_seg=0.6698 | loss_cls=1.1362 | train_acc=0.3944 | 

    --- Validation (Classification) ---
ðŸ“Š [VAL DIST] IDRID_processed_multiclass Predictions: {0: 3, 4: 78}
    [IDRID_processed_multiclass] Acc: 0.2593 | Kappa: -0.0636
ðŸ“Š [VAL DIST] DDR_processed_multiclass Predictions: {0: 130, 4: 627}
    [DDR_processed_multiclass] Acc: 0.0885 | Kappa: 0.0470
    >>> Avg Kappa: -0.0083
    [Save] ðŸŒŸ New Best Model saved to checkpoints/best_kappa_-0.0083.pth
    [Save] Checkpoint saved to checkpoints/epoch_5.pth
ðŸ”„ [Trainer] Weights Updated: CLS=1.0 | SEG=1.0 | CON=1.0

=== Epoch 6/200 | Phase 2: Semantic Alignment ===

    >>> Epoch 6 Summary:
    loss=2.0182 | loss_seg=0.6369 | loss_cls=1.1187 | train_acc=0.4801 | 
ðŸ”„ [Trainer] Weights Updated: CLS=1.0 | SEG=1.0 | CON=1.0

=== Epoch 7/200 | Phase 2: Semantic Alignment ===

ðŸ©º [TRAIN] Step 100
   Losses: Total=1.755 | CLS=1.090 | SEG=0.628
   Pred Dist : {0: 49, 1: 52, 2: 14, 3: 5, 4: 8}
   Label Dist: {0: 25, 1: 17, 2: 31, 3: 32, 4: 23}
   Grad Norm : 2.1269

    >>> Epoch 7 Summary:
    loss=1.8309 | loss_seg=0.6094 | loss_cls=1.1743 | train_acc=0.4236 | 
ðŸ”„ [Trainer] Weights Updated: CLS=1.0 | SEG=1.0 | CON=1.0

=== Epoch 8/200 | Phase 2: Semantic Alignment ===

    >>> Epoch 8 Summary:
    loss=1.7463 | loss_seg=0.5940 | loss_cls=1.0787 | train_acc=0.4654 | 
ðŸ”„ [Trainer] Weights Updated: CLS=1.0 | SEG=1.0 | CON=1.0

=== Epoch 9/200 | Phase 2: Semantic Alignment ===

    >>> Epoch 9 Summary:
    loss=1.6975 | loss_seg=0.5856 | loss_cls=1.0532 | train_acc=0.4601 | 
ðŸ”„ [Trainer] Weights Updated: CLS=1.0 | SEG=1.0 | CON=1.0

=== Epoch 10/200 | Phase 2: Semantic Alignment ===

ðŸ©º [TRAIN] Step 150
   Losses: Total=1.881 | CLS=1.243 | SEG=0.580
   Pred Dist : {0: 15, 1: 17, 2: 7, 3: 9, 4: 2}
   Label Dist: {0: 10, 1: 11, 2: 12, 3: 9, 4: 8}
   Grad Norm : 4.6159

    >>> Epoch 10 Summary:
    loss=1.6825 | loss_seg=0.5797 | loss_cls=1.0368 | train_acc=0.5021 | 

    --- Validation (Classification) ---
ðŸ“Š [VAL DIST] IDRID_processed_multiclass Predictions: {0: 6, 1: 2, 4: 73}
    [IDRID_processed_multiclass] Acc: 0.2593 | Kappa: 0.0315
ðŸ“Š [VAL DIST] DDR_processed_multiclass Predictions: {0: 74, 1: 263, 2: 4, 4: 416}
    [DDR_processed_multiclass] Acc: 0.1255 | Kappa: 0.1093
    >>> Avg Kappa: 0.0704
    [Save] ðŸŒŸ New Best Model saved to checkpoints/best_kappa_0.0704.pth
    [Save] Checkpoint saved to checkpoints/epoch_10.pth
ðŸ”„ [Trainer] Weights Updated: CLS=1.0 | SEG=1.0 | CON=1.0

=== Epoch 11/200 | Phase 2: Semantic Alignment ===

    >>> Epoch 11 Summary:
    loss=1.6844 | loss_seg=0.5738 | loss_cls=1.0375 | train_acc=0.5141 | 
ðŸ”„ [Trainer] Weights Updated: CLS=1.0 | SEG=1.0 | CON=1.0

=== Epoch 12/200 | Phase 2: Semantic Alignment ===

    >>> Epoch 12 Summary:
    loss=1.5879 | loss_seg=0.5714 | loss_cls=0.9358 | train_acc=0.5330 | 
ðŸ”„ [Trainer] Weights Updated: CLS=1.0 | SEG=1.0 | CON=1.0

=== Epoch 13/200 | Phase 2: Semantic Alignment ===

    >>> Epoch 13 Summary:
    loss=1.5606 | loss_seg=0.5659 | loss_cls=0.9262 | train_acc=0.5162 | 
ðŸ”„ [Trainer] Weights Updated: CLS=1.0 | SEG=1.0 | CON=1.0

=== Epoch 14/200 | Phase 2: Semantic Alignment ===

ðŸ©º [TRAIN] Step 200
   Losses: Total=1.801 | CLS=1.143 | SEG=0.585
   Pred Dist : {0: 34, 1: 48, 2: 13, 3: 19, 4: 14}
   Label Dist: {0: 17, 1: 31, 2: 29, 3: 21, 4: 30}
   Grad Norm : 3.1065

    >>> Epoch 14 Summary:
    loss=1.6298 | loss_seg=0.5621 | loss_cls=0.9798 | train_acc=0.5517 | 
ðŸ”„ [Trainer] Weights Updated: CLS=1.0 | SEG=1.0 | CON=1.0

=== Epoch 15/200 | Phase 2: Semantic Alignment ===

    >>> Epoch 15 Summary:
    loss=1.5834 | loss_seg=0.5585 | loss_cls=0.9256 | train_acc=0.5995 | 

    --- Validation (Classification) ---
ðŸ“Š [VAL DIST] IDRID_processed_multiclass Predictions: {1: 40, 4: 41}
    [IDRID_processed_multiclass] Acc: 0.1358 | Kappa: -0.1051
ðŸ“Š [VAL DIST] DDR_processed_multiclass Predictions: {0: 34, 1: 588, 2: 5, 4: 130}
    [DDR_processed_multiclass] Acc: 0.1585 | Kappa: 0.1685
    >>> Avg Kappa: 0.0317
    [Save] Checkpoint saved to checkpoints/epoch_15.pth
ðŸ”„ [Trainer] Weights Updated: CLS=2.0 | SEG=1.0 | CON=0.5

=== Epoch 16/200 | Phase 3: Final Logic Tuning ===

    >>> Epoch 16 Summary:
    loss=2.5892 | loss_seg=0.5380 | loss_cls=0.9124 | train_acc=0.5696 | 
ðŸ”„ [Trainer] Weights Updated: CLS=2.0 | SEG=1.0 | CON=0.5

=== Epoch 17/200 | Phase 3: Final Logic Tuning ===

ðŸ©º [TRAIN] Step 250
   Losses: Total=2.653 | CLS=0.973 | SEG=0.541
   Pred Dist : {0: 34, 1: 26, 2: 18, 3: 24, 4: 26}
   Label Dist: {0: 23, 1: 26, 2: 25, 3: 32, 4: 22}
   Grad Norm : 5.9640

    >>> Epoch 17 Summary:
    loss=2.5247 | loss_seg=0.5294 | loss_cls=0.9107 | train_acc=0.6402 | 
ðŸ”„ [Trainer] Weights Updated: CLS=2.0 | SEG=1.0 | CON=0.5

=== Epoch 18/200 | Phase 3: Final Logic Tuning ===

    >>> Epoch 18 Summary:
    loss=2.4985 | loss_seg=0.5312 | loss_cls=0.9062 | train_acc=0.6644 | 
ðŸ”„ [Trainer] Weights Updated: CLS=2.0 | SEG=1.0 | CON=0.5

=== Epoch 19/200 | Phase 3: Final Logic Tuning ===

    >>> Epoch 19 Summary:
    loss=2.4434 | loss_seg=0.5051 | loss_cls=0.8750 | train_acc=0.6904 | 
ðŸ”„ [Trainer] Weights Updated: CLS=2.0 | SEG=1.0 | CON=0.5

=== Epoch 20/200 | Phase 3: Final Logic Tuning ===

ðŸ©º [TRAIN] Step 300
   Losses: Total=2.573 | CLS=0.883 | SEG=0.639
   Pred Dist : {0: 10, 1: 16, 2: 7, 3: 5, 4: 12}
   Label Dist: {0: 8, 1: 14, 2: 10, 3: 8, 4: 10}
   Grad Norm : 6.1013

    >>> Epoch 20 Summary:
    loss=2.3479 | loss_seg=0.5342 | loss_cls=0.8177 | train_acc=0.7017 | 

    --- Validation (Classification) ---
ðŸ“Š [VAL DIST] IDRID_processed_multiclass Predictions: {3: 4, 4: 77}
    [IDRID_processed_multiclass] Acc: 0.2963 | Kappa: 0.0382
ðŸ“Š [VAL DIST] DDR_processed_multiclass Predictions: {0: 51, 1: 15, 2: 10, 3: 25, 4: 656}
    [DDR_processed_multiclass] Acc: 0.1229 | Kappa: 0.0175
    >>> Avg Kappa: 0.0279
    [Save] Checkpoint saved to checkpoints/epoch_20.pth
ðŸ”„ [Trainer] Weights Updated: CLS=2.0 | SEG=1.0 | CON=0.5

=== Epoch 21/200 | Phase 3: Final Logic Tuning ===

    >>> Epoch 21 Summary:
    loss=2.3327 | loss_seg=0.5131 | loss_cls=0.8310 | train_acc=0.7066 | 
ðŸ”„ [Trainer] Weights Updated: CLS=2.0 | SEG=1.0 | CON=0.5

=== Epoch 22/200 | Phase 3: Final Logic Tuning ===

    >>> Epoch 22 Summary:
    loss=2.1720 | loss_seg=0.5017 | loss_cls=0.7623 | train_acc=0.7317 | 
ðŸ”„ [Trainer] Weights Updated: CLS=2.0 | SEG=1.0 | CON=0.5

=== Epoch 23/200 | Phase 3: Final Logic Tuning ===

    >>> Epoch 23 Summary:
    loss=2.2201 | loss_seg=0.5056 | loss_cls=0.7900 | train_acc=0.7226 | 
ðŸ”„ [Trainer] Weights Updated: CLS=2.0 | SEG=1.0 | CON=0.5

=== Epoch 24/200 | Phase 3: Final Logic Tuning ===

ðŸ©º [TRAIN] Step 350
   Losses: Total=2.117 | CLS=0.718 | SEG=0.489
   Pred Dist : {0: 34, 1: 36, 2: 16, 3: 21, 4: 21}
   Label Dist: {0: 31, 1: 23, 2: 27, 3: 22, 4: 25}
   Grad Norm : 3.1735

    >>> Epoch 24 Summary:
    loss=2.2089 | loss_seg=0.4872 | loss_cls=0.7717 | train_acc=0.7375 | 
ðŸ”„ [Trainer] Weights Updated: CLS=2.0 | SEG=1.0 | CON=0.5

=== Epoch 25/200 | Phase 3: Final Logic Tuning ===

    >>> Epoch 25 Summary:
    loss=2.1787 | loss_seg=0.4909 | loss_cls=0.7702 | train_acc=0.7512 | 

    --- Validation (Classification) ---
ðŸ“Š [VAL DIST] IDRID_processed_multiclass Predictions: {4: 81}
    [IDRID_processed_multiclass] Acc: 0.2840 | Kappa: 0.0000
ðŸ“Š [VAL DIST] DDR_processed_multiclass Predictions: {0: 15, 1: 10, 2: 5, 3: 19, 4: 708}
    [DDR_processed_multiclass] Acc: 0.1162 | Kappa: 0.0117
    >>> Avg Kappa: 0.0059
    [Save] Checkpoint saved to checkpoints/epoch_25.pth
ðŸ”„ [Trainer] Weights Updated: CLS=2.0 | SEG=1.0 | CON=0.5

=== Epoch 26/200 | Phase 3: Final Logic Tuning ===

    >>> Epoch 26 Summary:
    loss=2.1035 | loss_seg=0.4742 | loss_cls=0.7283 | train_acc=0.7725 | 
ðŸ”„ [Trainer] Weights Updated: CLS=2.0 | SEG=1.0 | CON=0.5

=== Epoch 27/200 | Phase 3: Final Logic Tuning ===

ðŸ©º [TRAIN] Step 400
   Losses: Total=2.163 | CLS=0.765 | SEG=0.445
   Pred Dist : {0: 28, 1: 39, 2: 14, 3: 23, 4: 24}
   Label Dist: {0: 29, 1: 25, 2: 28, 3: 21, 4: 25}
   Grad Norm : 3.6602

    >>> Epoch 27 Summary:
    loss=2.1060 | loss_seg=0.4637 | loss_cls=0.7266 | train_acc=0.7777 | 
ðŸ”„ [Trainer] Weights Updated: CLS=2.0 | SEG=1.0 | CON=0.5

=== Epoch 28/200 | Phase 3: Final Logic Tuning ===

    >>> Epoch 28 Summary:
    loss=2.0387 | loss_seg=0.4546 | loss_cls=0.7117 | train_acc=0.7912 | 
ðŸ”„ [Trainer] Weights Updated: CLS=2.0 | SEG=1.0 | CON=0.5

=== Epoch 29/200 | Phase 3: Final Logic Tuning ===

    >>> Epoch 29 Summary:
    loss=2.0448 | loss_seg=0.4511 | loss_cls=0.7162 | train_acc=0.7879 | 
ðŸ”„ [Trainer] Weights Updated: CLS=2.0 | SEG=1.0 | CON=0.5

=== Epoch 30/200 | Phase 3: Final Logic Tuning ===

ðŸ©º [TRAIN] Step 450
   Losses: Total=2.042 | CLS=0.741 | SEG=0.411
   Pred Dist : {0: 12, 1: 9, 2: 9, 3: 8, 4: 12}
   Label Dist: {0: 13, 1: 10, 2: 7, 3: 10, 4: 10}
   Grad Norm : 5.1750

    >>> Epoch 30 Summary:
    loss=2.0393 | loss_seg=0.4464 | loss_cls=0.7105 | train_acc=0.7835 | 

    --- Validation (Classification) ---
ðŸ“Š [VAL DIST] IDRID_processed_multiclass Predictions: {0: 1, 3: 7, 4: 73}
    [IDRID_processed_multiclass] Acc: 0.2593 | Kappa: -0.0814
ðŸ“Š [VAL DIST] DDR_processed_multiclass Predictions: {0: 60, 1: 9, 2: 30, 3: 34, 4: 624}
    [DDR_processed_multiclass] Acc: 0.1334 | Kappa: 0.0419
    >>> Avg Kappa: -0.0197
    [Save] Checkpoint saved to checkpoints/epoch_30.pth
ðŸ”„ [Trainer] Weights Updated: CLS=2.0 | SEG=1.0 | CON=0.5

=== Epoch 31/200 | Phase 3: Final Logic Tuning ===

    >>> Epoch 31 Summary:
    loss=1.9473 | loss_seg=0.4272 | loss_cls=0.6811 | train_acc=0.8087 | 
ðŸ”„ [Trainer] Weights Updated: CLS=2.0 | SEG=1.0 | CON=0.5

=== Epoch 32/200 | Phase 3: Final Logic Tuning ===

    >>> Epoch 32 Summary:
    loss=2.0106 | loss_seg=0.4279 | loss_cls=0.7061 | train_acc=0.7979 | 
ðŸ”„ [Trainer] Weights Updated: CLS=2.0 | SEG=1.0 | CON=0.5

=== Epoch 33/200 | Phase 3: Final Logic Tuning ===

    >>> Epoch 33 Summary:
    loss=1.9410 | loss_seg=0.4281 | loss_cls=0.6749 | train_acc=0.8118 | 
ðŸ”„ [Trainer] Weights Updated: CLS=2.0 | SEG=1.0 | CON=0.5

=== Epoch 34/200 | Phase 3: Final Logic Tuning ===

ðŸ©º [TRAIN] Step 500
   Losses: Total=1.700 | CLS=0.576 | SEG=0.410
   Pred Dist : {0: 37, 1: 23, 2: 14, 3: 26, 4: 28}
   Label Dist: {0: 28, 1: 22, 2: 22, 3: 28, 4: 28}
   Grad Norm : 2.1674

    >>> Epoch 34 Summary:
    loss=1.8145 | loss_seg=0.4176 | loss_cls=0.6296 | train_acc=0.8219 | 
ðŸ”„ [Trainer] Weights Updated: CLS=2.0 | SEG=1.0 | CON=0.5

=== Epoch 35/200 | Phase 3: Final Logic Tuning ===

    >>> Epoch 35 Summary:
    loss=1.9032 | loss_seg=0.4092 | loss_cls=0.6769 | train_acc=0.8275 | 

    --- Validation (Classification) ---
ðŸ“Š [VAL DIST] IDRID_processed_multiclass Predictions: {4: 81}
    [IDRID_processed_multiclass] Acc: 0.2840 | Kappa: 0.0000
ðŸ“Š [VAL DIST] DDR_processed_multiclass Predictions: {0: 17, 1: 5, 2: 17, 3: 11, 4: 707}
    [DDR_processed_multiclass] Acc: 0.1202 | Kappa: 0.0072
    >>> Avg Kappa: 0.0036
    [Save] Checkpoint saved to checkpoints/epoch_35.pth
ðŸ”„ [Trainer] Weights Updated: CLS=2.0 | SEG=1.0 | CON=0.5

=== Epoch 36/200 | Phase 3: Final Logic Tuning ===

    >>> Epoch 36 Summary:
    loss=1.8818 | loss_seg=0.4098 | loss_cls=0.6487 | train_acc=0.8320 | 
ðŸ”„ [Trainer] Weights Updated: CLS=2.0 | SEG=1.0 | CON=0.5

=== Epoch 37/200 | Phase 3: Final Logic Tuning ===

ðŸ©º [TRAIN] Step 550
   Losses: Total=2.026 | CLS=0.720 | SEG=0.429
   Pred Dist : {0: 29, 1: 23, 2: 24, 3: 24, 4: 28}
   Label Dist: {0: 20, 1: 22, 2: 25, 3: 27, 4: 34}
   Grad Norm : 3.1204

    >>> Epoch 37 Summary:
    loss=1.8874 | loss_seg=0.4098 | loss_cls=0.6621 | train_acc=0.8199 | 
ðŸ”„ [Trainer] Weights Updated: CLS=2.0 | SEG=1.0 | CON=0.5

=== Epoch 38/200 | Phase 3: Final Logic Tuning ===

    >>> Epoch 38 Summary:
    loss=1.9146 | loss_seg=0.3981 | loss_cls=0.6746 | train_acc=0.8372 | 
ðŸ”„ [Trainer] Weights Updated: CLS=2.0 | SEG=1.0 | CON=0.5

=== Epoch 39/200 | Phase 3: Final Logic Tuning ===

    >>> Epoch 39 Summary:
    loss=1.7667 | loss_seg=0.3918 | loss_cls=0.6061 | train_acc=0.8537 | 
ðŸ”„ [Trainer] Weights Updated: CLS=2.0 | SEG=1.0 | CON=0.5

=== Epoch 40/200 | Phase 3: Final Logic Tuning ===

ðŸ©º [TRAIN] Step 600
   Losses: Total=1.864 | CLS=0.637 | SEG=0.438
   Pred Dist : {0: 10, 1: 8, 2: 12, 3: 10, 4: 10}
   Label Dist: {0: 7, 1: 10, 2: 13, 3: 11, 4: 9}
   Grad Norm : 5.1805

    >>> Epoch 40 Summary:
    loss=1.8389 | loss_seg=0.3955 | loss_cls=0.6502 | train_acc=0.8372 | 

    --- Validation (Classification) ---
ðŸ“Š [VAL DIST] IDRID_processed_multiclass Predictions: {4: 81}
    [IDRID_processed_multiclass] Acc: 0.2840 | Kappa: 0.0000
ðŸ“Š [VAL DIST] DDR_processed_multiclass Predictions: {0: 5, 1: 3, 2: 5, 3: 6, 4: 738}
    [DDR_processed_multiclass] Acc: 0.1044 | Kappa: -0.0035
    >>> Avg Kappa: -0.0017
    [Save] Checkpoint saved to checkpoints/epoch_40.pth
ðŸ”„ [Trainer] Weights Updated: CLS=2.0 | SEG=1.0 | CON=0.5

=== Epoch 41/200 | Phase 3: Final Logic Tuning ===

    >>> Epoch 41 Summary:
    loss=1.8061 | loss_seg=0.3839 | loss_cls=0.6316 | train_acc=0.8550 | 
ðŸ”„ [Trainer] Weights Updated: CLS=2.0 | SEG=1.0 | CON=0.5

=== Epoch 42/200 | Phase 3: Final Logic Tuning ===

    >>> Epoch 42 Summary:
    loss=1.8046 | loss_seg=0.3859 | loss_cls=0.6316 | train_acc=0.8558 | 
ðŸ”„ [Trainer] Weights Updated: CLS=2.0 | SEG=1.0 | CON=0.5

=== Epoch 43/200 | Phase 3: Final Logic Tuning ===

    >>> Epoch 43 Summary:
    loss=1.7456 | loss_seg=0.3825 | loss_cls=0.6043 | train_acc=0.8599 | 
ðŸ”„ [Trainer] Weights Updated: CLS=2.0 | SEG=1.0 | CON=0.5

=== Epoch 44/200 | Phase 3: Final Logic Tuning ===

ðŸ©º [TRAIN] Step 650
   Losses: Total=1.686 | CLS=0.596 | SEG=0.349
   Pred Dist : {0: 32, 1: 28, 2: 26, 3: 17, 4: 25}
   Label Dist: {0: 35, 1: 27, 2: 27, 3: 16, 4: 23}
   Grad Norm : 2.6991

    >>> Epoch 44 Summary:
    loss=1.7002 | loss_seg=0.3675 | loss_cls=0.5910 | train_acc=0.8721 | 
ðŸ”„ [Trainer] Weights Updated: CLS=2.0 | SEG=1.0 | CON=0.5

=== Epoch 45/200 | Phase 3: Final Logic Tuning ===

    >>> Epoch 45 Summary:
    loss=1.7790 | loss_seg=0.3681 | loss_cls=0.6182 | train_acc=0.8639 | 

    --- Validation (Classification) ---
ðŸ“Š [VAL DIST] IDRID_processed_multiclass Predictions: {4: 81}
    [IDRID_processed_multiclass] Acc: 0.2840 | Kappa: 0.0000
ðŸ“Š [VAL DIST] DDR_processed_multiclass Predictions: {0: 2, 1: 3, 2: 11, 3: 8, 4: 733}
    [DDR_processed_multiclass] Acc: 0.1110 | Kappa: -0.0040
    >>> Avg Kappa: -0.0020
    [Save] Checkpoint saved to checkpoints/epoch_45.pth
ðŸ”„ [Trainer] Weights Updated: CLS=2.0 | SEG=1.0 | CON=0.5

=== Epoch 46/200 | Phase 3: Final Logic Tuning ===

    >>> Epoch 46 Summary:
    loss=1.7423 | loss_seg=0.3691 | loss_cls=0.6087 | train_acc=0.8708 | 
ðŸ”„ [Trainer] Weights Updated: CLS=2.0 | SEG=1.0 | CON=0.5

=== Epoch 47/200 | Phase 3: Final Logic Tuning ===

ðŸ©º [TRAIN] Step 700
   Losses: Total=2.299 | CLS=0.877 | SEG=0.380
   Pred Dist : {0: 20, 1: 27, 2: 30, 3: 25, 4: 26}
   Label Dist: {0: 13, 1: 25, 2: 32, 3: 30, 4: 28}
   Grad Norm : 3.8502

    >>> Epoch 47 Summary:
    loss=1.7770 | loss_seg=0.3548 | loss_cls=0.6325 | train_acc=0.8401 | 
ðŸ”„ [Trainer] Weights Updated: CLS=2.0 | SEG=1.0 | CON=0.5

=== Epoch 48/200 | Phase 3: Final Logic Tuning ===

    >>> Epoch 48 Summary:
    loss=1.7044 | loss_seg=0.3571 | loss_cls=0.5918 | train_acc=0.8876 | 
ðŸ”„ [Trainer] Weights Updated: CLS=2.0 | SEG=1.0 | CON=0.5

=== Epoch 49/200 | Phase 3: Final Logic Tuning ===

    >>> Epoch 49 Summary:
    loss=1.6517 | loss_seg=0.3464 | loss_cls=0.5833 | train_acc=0.8753 | 
ðŸ”„ [Trainer] Weights Updated: CLS=2.0 | SEG=1.0 | CON=0.5

=== Epoch 50/200 | Phase 3: Final Logic Tuning ===

ðŸ©º [TRAIN] Step 750
   Losses: Total=1.595 | CLS=0.549 | SEG=0.328
   Pred Dist : {0: 11, 1: 13, 2: 7, 3: 10, 4: 9}
   Label Dist: {0: 9, 1: 11, 2: 10, 3: 10, 4: 10}
   Grad Norm : 4.0396

    >>> Epoch 50 Summary:
    loss=1.6603 | loss_seg=0.3362 | loss_cls=0.5790 | train_acc=0.8895 | 

    --- Validation (Classification) ---
ðŸ“Š [VAL DIST] IDRID_processed_multiclass Predictions: {3: 5, 4: 76}
    [IDRID_processed_multiclass] Acc: 0.2716 | Kappa: 0.0009
ðŸ“Š [VAL DIST] DDR_processed_multiclass Predictions: {0: 2, 1: 4, 2: 10, 3: 22, 4: 719}
    [DDR_processed_multiclass] Acc: 0.1162 | Kappa: 0.0028
    >>> Avg Kappa: 0.0018
    [Save] Checkpoint saved to checkpoints/epoch_50.pth
ðŸ”„ [Trainer] Weights Updated: CLS=2.0 | SEG=1.0 | CON=0.5

=== Epoch 51/200 | Phase 3: Final Logic Tuning ===

    >>> Epoch 51 Summary:
    loss=1.5857 | loss_seg=0.3413 | loss_cls=0.5511 | train_acc=0.8862 | 
ðŸ”„ [Trainer] Weights Updated: CLS=2.0 | SEG=1.0 | CON=0.5

=== Epoch 52/200 | Phase 3: Final Logic Tuning ===

    >>> Epoch 52 Summary:
    loss=1.6816 | loss_seg=0.3359 | loss_cls=0.5945 | train_acc=0.8625 | 
ðŸ”„ [Trainer] Weights Updated: CLS=2.0 | SEG=1.0 | CON=0.5

=== Epoch 53/200 | Phase 3: Final Logic Tuning ===

    >>> Epoch 53 Summary:
    loss=1.6987 | loss_seg=0.3344 | loss_cls=0.5961 | train_acc=0.8866 | 
ðŸ”„ [Trainer] Weights Updated: CLS=2.0 | SEG=1.0 | CON=0.5

=== Epoch 54/200 | Phase 3: Final Logic Tuning ===

ðŸ©º [TRAIN] Step 800
   Losses: Total=1.727 | CLS=0.614 | SEG=0.329
   Pred Dist : {0: 20, 1: 29, 2: 28, 3: 18, 4: 33}
   Label Dist: {0: 21, 1: 24, 2: 33, 3: 19, 4: 31}
   Grad Norm : 2.0566

    >>> Epoch 54 Summary:
    loss=1.6115 | loss_seg=0.3247 | loss_cls=0.5687 | train_acc=0.8971 | 
ðŸ”„ [Trainer] Weights Updated: CLS=2.0 | SEG=1.0 | CON=0.5

=== Epoch 55/200 | Phase 3: Final Logic Tuning ===

    >>> Epoch 55 Summary:
    loss=1.6186 | loss_seg=0.3204 | loss_cls=0.5740 | train_acc=0.9004 | 

    --- Validation (Classification) ---
ðŸ“Š [VAL DIST] IDRID_processed_multiclass Predictions: {3: 11, 4: 70}
    [IDRID_processed_multiclass] Acc: 0.2716 | Kappa: -0.0129
ðŸ“Š [VAL DIST] DDR_processed_multiclass Predictions: {0: 46, 1: 7, 2: 7, 3: 54, 4: 643}
    [DDR_processed_multiclass] Acc: 0.1096 | Kappa: 0.0311
    >>> Avg Kappa: 0.0091
    [Save] Checkpoint saved to checkpoints/epoch_55.pth
ðŸ”„ [Trainer] Weights Updated: CLS=2.0 | SEG=1.0 | CON=0.5

=== Epoch 56/200 | Phase 3: Final Logic Tuning ===

    >>> Epoch 56 Summary:
    loss=1.6107 | loss_seg=0.3226 | loss_cls=0.5694 | train_acc=0.8984 | 
ðŸ”„ [Trainer] Weights Updated: CLS=2.0 | SEG=1.0 | CON=0.5

=== Epoch 57/200 | Phase 3: Final Logic Tuning ===

ðŸ©º [TRAIN] Step 850
   Losses: Total=1.329 | CLS=0.452 | SEG=0.275
   Pred Dist : {0: 31, 1: 35, 2: 24, 3: 22, 4: 16}
   Label Dist: {0: 32, 1: 32, 2: 26, 3: 22, 4: 16}
   Grad Norm : 1.9092

    >>> Epoch 57 Summary:
    loss=1.6037 | loss_seg=0.3200 | loss_cls=0.5644 | train_acc=0.8959 | 
ðŸ”„ [Trainer] Weights Updated: CLS=2.0 | SEG=1.0 | CON=0.5

=== Epoch 58/200 | Phase 3: Final Logic Tuning ===

    >>> Epoch 58 Summary:
    loss=1.5502 | loss_seg=0.3207 | loss_cls=0.5443 | train_acc=0.9020 | 
ðŸ”„ [Trainer] Weights Updated: CLS=2.0 | SEG=1.0 | CON=0.5

=== Epoch 59/200 | Phase 3: Final Logic Tuning ===

    >>> Epoch 59 Summary:
    loss=1.5004 | loss_seg=0.3075 | loss_cls=0.5262 | train_acc=0.9113 | 
ðŸ”„ [Trainer] Weights Updated: CLS=2.0 | SEG=1.0 | CON=0.5

=== Epoch 60/200 | Phase 3: Final Logic Tuning ===

ðŸ©º [TRAIN] Step 900
   Losses: Total=1.781 | CLS=0.633 | SEG=0.365
   Pred Dist : {0: 12, 1: 6, 2: 9, 3: 9, 4: 14}
   Label Dist: {0: 6, 1: 5, 2: 8, 3: 15, 4: 16}
   Grad Norm : 2.8095

    >>> Epoch 60 Summary:
    loss=1.5813 | loss_seg=0.3172 | loss_cls=0.5611 | train_acc=0.8832 | 

    --- Validation (Classification) ---
ðŸ“Š [VAL DIST] IDRID_processed_multiclass Predictions: {0: 2, 3: 23, 4: 56}
    [IDRID_processed_multiclass] Acc: 0.2963 | Kappa: 0.0541
ðŸ“Š [VAL DIST] DDR_processed_multiclass Predictions: {0: 33, 1: 9, 2: 21, 3: 139, 4: 555}
    [DDR_processed_multiclass] Acc: 0.1321 | Kappa: 0.0366
    >>> Avg Kappa: 0.0453
    [Save] Checkpoint saved to checkpoints/epoch_60.pth
ðŸ”„ [Trainer] Weights Updated: CLS=2.0 | SEG=1.0 | CON=0.5

=== Epoch 61/200 | Phase 3: Final Logic Tuning ===

    >>> Epoch 61 Summary:
    loss=1.4993 | loss_seg=0.3030 | loss_cls=0.5211 | train_acc=0.9067 | 
ðŸ”„ [Trainer] Weights Updated: CLS=2.0 | SEG=1.0 | CON=0.5

=== Epoch 62/200 | Phase 3: Final Logic Tuning ===

    >>> Epoch 62 Summary:
    loss=1.6096 | loss_seg=0.3155 | loss_cls=0.5698 | train_acc=0.9079 | 
ðŸ”„ [Trainer] Weights Updated: CLS=2.0 | SEG=1.0 | CON=0.5

=== Epoch 63/200 | Phase 3: Final Logic Tuning ===

    >>> Epoch 63 Summary:
    loss=1.5130 | loss_seg=0.2978 | loss_cls=0.5381 | train_acc=0.8896 | 
ðŸ”„ [Trainer] Weights Updated: CLS=2.0 | SEG=1.0 | CON=0.5

=== Epoch 64/200 | Phase 3: Final Logic Tuning ===

ðŸ©º [TRAIN] Step 950
   Losses: Total=1.522 | CLS=0.529 | SEG=0.307
   Pred Dist : {0: 30, 1: 23, 2: 25, 3: 22, 4: 28}
   Label Dist: {0: 27, 1: 19, 2: 29, 3: 24, 4: 29}
   Grad Norm : 2.0911

    >>> Epoch 64 Summary:
    loss=1.6609 | loss_seg=0.3170 | loss_cls=0.5900 | train_acc=0.8925 | 
ðŸ”„ [Trainer] Weights Updated: CLS=2.0 | SEG=1.0 | CON=0.5

=== Epoch 65/200 | Phase 3: Final Logic Tuning ===

    >>> Epoch 65 Summary:
    loss=1.6015 | loss_seg=0.3005 | loss_cls=0.5717 | train_acc=0.8990 | 

    --- Validation (Classification) ---
ðŸ“Š [VAL DIST] IDRID_processed_multiclass Predictions: {3: 11, 4: 70}
    [IDRID_processed_multiclass] Acc: 0.2963 | Kappa: -0.0005
ðŸ“Š [VAL DIST] DDR_processed_multiclass Predictions: {0: 8, 1: 2, 2: 10, 3: 49, 4: 688}
    [DDR_processed_multiclass] Acc: 0.1162 | Kappa: -0.0001
    >>> Avg Kappa: -0.0003
    [Save] Checkpoint saved to checkpoints/epoch_65.pth
ðŸ”„ [Trainer] Weights Updated: CLS=2.0 | SEG=1.0 | CON=0.5

=== Epoch 66/200 | Phase 3: Final Logic Tuning ===

    >>> Epoch 66 Summary:
    loss=1.5802 | loss_seg=0.2980 | loss_cls=0.5655 | train_acc=0.9052 | 
ðŸ”„ [Trainer] Weights Updated: CLS=2.0 | SEG=1.0 | CON=0.5

=== Epoch 67/200 | Phase 3: Final Logic Tuning ===

ðŸ©º [TRAIN] Step 1000
   Losses: Total=1.413 | CLS=0.504 | SEG=0.267
   Pred Dist : {0: 32, 1: 34, 2: 23, 3: 26, 4: 13}
   Label Dist: {0: 32, 1: 32, 2: 22, 3: 25, 4: 17}
   Grad Norm : 3.5380

    >>> Epoch 67 Summary:
    loss=1.5371 | loss_seg=0.2985 | loss_cls=0.5471 | train_acc=0.9121 | 
ðŸ”„ [Trainer] Weights Updated: CLS=2.0 | SEG=1.0 | CON=0.5

=== Epoch 68/200 | Phase 3: Final Logic Tuning ===

    >>> Epoch 68 Summary:
    loss=1.5446 | loss_seg=0.2909 | loss_cls=0.5545 | train_acc=0.8945 | 
ðŸ”„ [Trainer] Weights Updated: CLS=2.0 | SEG=1.0 | CON=0.5

=== Epoch 69/200 | Phase 3: Final Logic Tuning ===

    >>> Epoch 69 Summary:
    loss=1.5171 | loss_seg=0.2981 | loss_cls=0.5401 | train_acc=0.8965 | 
ðŸ”„ [Trainer] Weights Updated: CLS=2.0 | SEG=1.0 | CON=0.5

=== Epoch 70/200 | Phase 3: Final Logic Tuning ===

ðŸ©º [TRAIN] Step 1050
   Losses: Total=2.007 | CLS=0.793 | SEG=0.288
   Pred Dist : {0: 9, 1: 8, 2: 10, 3: 11, 4: 12}
   Label Dist: {0: 9, 1: 8, 2: 8, 3: 13, 4: 12}
   Grad Norm : 5.7539

    >>> Epoch 70 Summary:
    loss=1.5203 | loss_seg=0.2839 | loss_cls=0.5501 | train_acc=0.8985 | 

    --- Validation (Classification) ---
ðŸ“Š [VAL DIST] IDRID_processed_multiclass Predictions: {3: 5, 4: 76}
    [IDRID_processed_multiclass] Acc: 0.2963 | Kappa: 0.0127
ðŸ“Š [VAL DIST] DDR_processed_multiclass Predictions: {0: 1, 1: 1, 2: 11, 3: 29, 4: 715}
    [DDR_processed_multiclass] Acc: 0.1110 | Kappa: 0.0039
    >>> Avg Kappa: 0.0083
    [Save] Checkpoint saved to checkpoints/epoch_70.pth
ðŸ”„ [Trainer] Weights Updated: CLS=2.0 | SEG=1.0 | CON=0.5

=== Epoch 71/200 | Phase 3: Final Logic Tuning ===

    >>> Epoch 71 Summary:
    loss=1.5128 | loss_seg=0.2875 | loss_cls=0.5317 | train_acc=0.9212 | 
ðŸ”„ [Trainer] Weights Updated: CLS=2.0 | SEG=1.0 | CON=0.5

=== Epoch 72/200 | Phase 3: Final Logic Tuning ===

    >>> Epoch 72 Summary:
    loss=1.5014 | loss_seg=0.2790 | loss_cls=0.5436 | train_acc=0.9000 | 
ðŸ”„ [Trainer] Weights Updated: CLS=2.0 | SEG=1.0 | CON=0.5

=== Epoch 73/200 | Phase 3: Final Logic Tuning ===

    >>> Epoch 73 Summary:
    loss=1.5140 | loss_seg=0.2864 | loss_cls=0.5416 | train_acc=0.9110 | 
ðŸ”„ [Trainer] Weights Updated: CLS=2.0 | SEG=1.0 | CON=0.5

=== Epoch 74/200 | Phase 3: Final Logic Tuning ===

ðŸ©º [TRAIN] Step 1100
   Losses: Total=1.437 | CLS=0.509 | SEG=0.273
   Pred Dist : {0: 28, 1: 26, 2: 24, 3: 24, 4: 26}
   Label Dist: {0: 23, 1: 27, 2: 23, 3: 27, 4: 28}
   Grad Norm : 1.7906

    >>> Epoch 74 Summary:
    loss=1.5075 | loss_seg=0.2833 | loss_cls=0.5426 | train_acc=0.9016 | 
ðŸ”„ [Trainer] Weights Updated: CLS=2.0 | SEG=1.0 | CON=0.5

=== Epoch 75/200 | Phase 3: Final Logic Tuning ===

    >>> Epoch 75 Summary:
    loss=1.4925 | loss_seg=0.2750 | loss_cls=0.5351 | train_acc=0.9086 | 

    --- Validation (Classification) ---
ðŸ“Š [VAL DIST] IDRID_processed_multiclass Predictions: {3: 4, 4: 77}
    [IDRID_processed_multiclass] Acc: 0.2840 | Kappa: 0.0030
ðŸ“Š [VAL DIST] DDR_processed_multiclass Predictions: {0: 3, 1: 6, 2: 6, 3: 18, 4: 724}
    [DDR_processed_multiclass] Acc: 0.1083 | Kappa: 0.0033
    >>> Avg Kappa: 0.0032
    [Save] Checkpoint saved to checkpoints/epoch_75.pth
ðŸ”„ [Trainer] Weights Updated: CLS=2.0 | SEG=1.0 | CON=0.5

=== Epoch 76/200 | Phase 3: Final Logic Tuning ===

    >>> Epoch 76 Summary:
    loss=1.4737 | loss_seg=0.2692 | loss_cls=0.5281 | train_acc=0.9092 | 
ðŸ”„ [Trainer] Weights Updated: CLS=2.0 | SEG=1.0 | CON=0.5

=== Epoch 77/200 | Phase 3: Final Logic Tuning ===

ðŸ©º [TRAIN] Step 1150
   Losses: Total=1.471 | CLS=0.519 | SEG=0.292
   Pred Dist : {0: 26, 1: 30, 2: 15, 3: 29, 4: 28}
   Label Dist: {0: 21, 1: 28, 2: 19, 3: 29, 4: 31}
   Grad Norm : 1.6384

    >>> Epoch 77 Summary:
    loss=1.4295 | loss_seg=0.2832 | loss_cls=0.5038 | train_acc=0.9337 | 
ðŸ”„ [Trainer] Weights Updated: CLS=2.0 | SEG=1.0 | CON=0.5

=== Epoch 78/200 | Phase 3: Final Logic Tuning ===

    >>> Epoch 78 Summary:
    loss=1.4310 | loss_seg=0.2749 | loss_cls=0.5110 | train_acc=0.9300 | 
ðŸ”„ [Trainer] Weights Updated: CLS=2.0 | SEG=1.0 | CON=0.5

=== Epoch 79/200 | Phase 3: Final Logic Tuning ===

    >>> Epoch 79 Summary:
    loss=1.4553 | loss_seg=0.2737 | loss_cls=0.5195 | train_acc=0.9201 | 
ðŸ”„ [Trainer] Weights Updated: CLS=2.0 | SEG=1.0 | CON=0.5

=== Epoch 80/200 | Phase 3: Final Logic Tuning ===

ðŸ©º [TRAIN] Step 1200
   Losses: Total=1.591 | CLS=0.589 | SEG=0.288
   Pred Dist : {0: 5, 1: 13, 2: 16, 3: 9, 4: 7}
   Label Dist: {0: 5, 1: 11, 2: 18, 3: 10, 4: 6}
   Grad Norm : 3.9840

    >>> Epoch 80 Summary:
    loss=1.4863 | loss_seg=0.2767 | loss_cls=0.5371 | train_acc=0.9226 | 

    --- Validation (Classification) ---
ðŸ“Š [VAL DIST] IDRID_processed_multiclass Predictions: {3: 39, 4: 42}
    [IDRID_processed_multiclass] Acc: 0.2469 | Kappa: -0.0526
ðŸ“Š [VAL DIST] DDR_processed_multiclass Predictions: {0: 2, 1: 2, 2: 21, 3: 148, 4: 584}
    [DDR_processed_multiclass] Acc: 0.1361 | Kappa: -0.0024
    >>> Avg Kappa: -0.0275
    [Save] Checkpoint saved to checkpoints/epoch_80.pth
ðŸ”„ [Trainer] Weights Updated: CLS=2.0 | SEG=1.0 | CON=0.5

=== Epoch 81/200 | Phase 3: Final Logic Tuning ===

    >>> Epoch 81 Summary:
    loss=1.4521 | loss_seg=0.2653 | loss_cls=0.5242 | train_acc=0.9210 | 
ðŸ”„ [Trainer] Weights Updated: CLS=2.0 | SEG=1.0 | CON=0.5

=== Epoch 82/200 | Phase 3: Final Logic Tuning ===

    >>> Epoch 82 Summary:
    loss=1.4230 | loss_seg=0.2654 | loss_cls=0.5062 | train_acc=0.9330 | 
ðŸ”„ [Trainer] Weights Updated: CLS=2.0 | SEG=1.0 | CON=0.5

=== Epoch 83/200 | Phase 3: Final Logic Tuning ===

    >>> Epoch 83 Summary:
    loss=1.5207 | loss_seg=0.2644 | loss_cls=0.5591 | train_acc=0.9079 | 
ðŸ”„ [Trainer] Weights Updated: CLS=2.0 | SEG=1.0 | CON=0.5

=== Epoch 84/200 | Phase 3: Final Logic Tuning ===

ðŸ©º [TRAIN] Step 1250
   Losses: Total=1.403 | CLS=0.500 | SEG=0.250
   Pred Dist : {0: 25, 1: 22, 2: 25, 3: 27, 4: 29}
   Label Dist: {0: 21, 1: 21, 2: 28, 3: 28, 4: 30}
   Grad Norm : 1.9940

    >>> Epoch 84 Summary:
    loss=1.4343 | loss_seg=0.2640 | loss_cls=0.5140 | train_acc=0.9220 | 
ðŸ”„ [Trainer] Weights Updated: CLS=2.0 | SEG=1.0 | CON=0.5

=== Epoch 85/200 | Phase 3: Final Logic Tuning ===

    >>> Epoch 85 Summary:
    loss=1.4447 | loss_seg=0.2514 | loss_cls=0.5247 | train_acc=0.9244 | 

    --- Validation (Classification) ---
ðŸ“Š [VAL DIST] IDRID_processed_multiclass Predictions: {3: 17, 4: 64}
    [IDRID_processed_multiclass] Acc: 0.2593 | Kappa: -0.0543
ðŸ“Š [VAL DIST] DDR_processed_multiclass Predictions: {0: 1, 1: 4, 2: 16, 3: 54, 4: 682}
    [DDR_processed_multiclass] Acc: 0.1242 | Kappa: 0.0009
    >>> Avg Kappa: -0.0267
    [Save] Checkpoint saved to checkpoints/epoch_85.pth
ðŸ”„ [Trainer] Weights Updated: CLS=2.0 | SEG=1.0 | CON=0.5

=== Epoch 86/200 | Phase 3: Final Logic Tuning ===

    >>> Epoch 86 Summary:
    loss=1.4477 | loss_seg=0.2548 | loss_cls=0.5276 | train_acc=0.9183 | 
ðŸ”„ [Trainer] Weights Updated: CLS=2.0 | SEG=1.0 | CON=0.5

=== Epoch 87/200 | Phase 3: Final Logic Tuning ===

ðŸ©º [TRAIN] Step 1300
   Losses: Total=1.447 | CLS=0.523 | SEG=0.265
   Pred Dist : {0: 25, 1: 30, 2: 29, 3: 20, 4: 24}
   Label Dist: {0: 22, 1: 30, 2: 33, 3: 19, 4: 24}
   Grad Norm : 1.4014

    >>> Epoch 87 Summary:
    loss=1.4347 | loss_seg=0.2549 | loss_cls=0.5181 | train_acc=0.9251 | 
ðŸ”„ [Trainer] Weights Updated: CLS=2.0 | SEG=1.0 | CON=0.5

=== Epoch 88/200 | Phase 3: Final Logic Tuning ===

    >>> Epoch 88 Summary:
    loss=1.4460 | loss_seg=0.2527 | loss_cls=0.5267 | train_acc=0.9224 | 
ðŸ”„ [Trainer] Weights Updated: CLS=2.0 | SEG=1.0 | CON=0.5

=== Epoch 89/200 | Phase 3: Final Logic Tuning ===

    >>> Epoch 89 Summary:
    loss=1.4061 | loss_seg=0.2449 | loss_cls=0.5114 | train_acc=0.9229 | 
ðŸ”„ [Trainer] Weights Updated: CLS=2.0 | SEG=1.0 | CON=0.5

=== Epoch 90/200 | Phase 3: Final Logic Tuning ===

ðŸ©º [TRAIN] Step 1350
   Losses: Total=1.445 | CLS=0.534 | SEG=0.233
   Pred Dist : {0: 13, 1: 9, 2: 7, 3: 9, 4: 12}
   Label Dist: {0: 11, 1: 9, 2: 8, 3: 10, 4: 12}
   Grad Norm : 3.3384

    >>> Epoch 90 Summary:
    loss=1.4282 | loss_seg=0.2585 | loss_cls=0.5169 | train_acc=0.9277 | 

    --- Validation (Classification) ---
ðŸ“Š [VAL DIST] IDRID_processed_multiclass Predictions: {3: 28, 4: 53}
    [IDRID_processed_multiclass] Acc: 0.2840 | Kappa: -0.0463
ðŸ“Š [VAL DIST] DDR_processed_multiclass Predictions: {0: 4, 1: 10, 2: 14, 3: 80, 4: 649}
    [DDR_processed_multiclass] Acc: 0.1295 | Kappa: 0.0039
    >>> Avg Kappa: -0.0212
    [Save] Checkpoint saved to checkpoints/epoch_90.pth
ðŸ”„ [Trainer] Weights Updated: CLS=2.0 | SEG=1.0 | CON=0.5

=== Epoch 91/200 | Phase 3: Final Logic Tuning ===

    >>> Epoch 91 Summary:
    loss=1.3768 | loss_seg=0.2523 | loss_cls=0.4956 | train_acc=0.9299 | 
ðŸ”„ [Trainer] Weights Updated: CLS=2.0 | SEG=1.0 | CON=0.5

=== Epoch 92/200 | Phase 3: Final Logic Tuning ===

    >>> Epoch 92 Summary:
    loss=1.4027 | loss_seg=0.2576 | loss_cls=0.5078 | train_acc=0.9287 | 
ðŸ”„ [Trainer] Weights Updated: CLS=2.0 | SEG=1.0 | CON=0.5

=== Epoch 93/200 | Phase 3: Final Logic Tuning ===

    >>> Epoch 93 Summary:
    loss=1.3609 | loss_seg=0.2452 | loss_cls=0.4908 | train_acc=0.9331 | 
ðŸ”„ [Trainer] Weights Updated: CLS=2.0 | SEG=1.0 | CON=0.5

=== Epoch 94/200 | Phase 3: Final Logic Tuning ===

ðŸ©º [TRAIN] Step 1400
   Losses: Total=1.339 | CLS=0.473 | SEG=0.256
   Pred Dist : {0: 33, 1: 21, 2: 19, 3: 27, 4: 28}
   Label Dist: {0: 27, 1: 21, 2: 23, 3: 28, 4: 29}
   Grad Norm : 1.4212

    >>> Epoch 94 Summary:
    loss=1.3754 | loss_seg=0.2575 | loss_cls=0.4923 | train_acc=0.9342 | 
ðŸ”„ [Trainer] Weights Updated: CLS=2.0 | SEG=1.0 | CON=0.5

=== Epoch 95/200 | Phase 3: Final Logic Tuning ===

    >>> Epoch 95 Summary:
    loss=1.3772 | loss_seg=0.2486 | loss_cls=0.5001 | train_acc=0.9277 | 

    --- Validation (Classification) ---
ðŸ“Š [VAL DIST] IDRID_processed_multiclass Predictions: {3: 34, 4: 47}
    [IDRID_processed_multiclass] Acc: 0.2593 | Kappa: -0.0355
ðŸ“Š [VAL DIST] DDR_processed_multiclass Predictions: {0: 4, 1: 2, 2: 37, 3: 106, 4: 608}
    [DDR_processed_multiclass] Acc: 0.1466 | Kappa: 0.0041
    >>> Avg Kappa: -0.0157
    [Save] Checkpoint saved to checkpoints/epoch_95.pth
ðŸ”„ [Trainer] Weights Updated: CLS=2.0 | SEG=1.0 | CON=0.5

=== Epoch 96/200 | Phase 3: Final Logic Tuning ===

    >>> Epoch 96 Summary:
    loss=1.4168 | loss_seg=0.2432 | loss_cls=0.5160 | train_acc=0.9293 | 
ðŸ”„ [Trainer] Weights Updated: CLS=2.0 | SEG=1.0 | CON=0.5

=== Epoch 97/200 | Phase 3: Final Logic Tuning ===

ðŸ©º [TRAIN] Step 1450
   Losses: Total=1.306 | CLS=0.457 | SEG=0.261
   Pred Dist : {0: 30, 1: 31, 2: 21, 3: 28, 4: 18}
   Label Dist: {0: 30, 1: 27, 2: 25, 3: 27, 4: 19}
   Grad Norm : 1.2018

    >>> Epoch 97 Summary:
    loss=1.3900 | loss_seg=0.2428 | loss_cls=0.5041 | train_acc=0.9223 | 
ðŸ”„ [Trainer] Weights Updated: CLS=2.0 | SEG=1.0 | CON=0.5

=== Epoch 98/200 | Phase 3: Final Logic Tuning ===

    >>> Epoch 98 Summary:
    loss=1.3587 | loss_seg=0.2370 | loss_cls=0.4943 | train_acc=0.9314 | 
ðŸ”„ [Trainer] Weights Updated: CLS=2.0 | SEG=1.0 | CON=0.5

=== Epoch 99/200 | Phase 3: Final Logic Tuning ===

    >>> Epoch 99 Summary:
    loss=1.3289 | loss_seg=0.2371 | loss_cls=0.4828 | train_acc=0.9445 | 
ðŸ”„ [Trainer] Weights Updated: CLS=2.0 | SEG=1.0 | CON=0.5

=== Epoch 100/200 | Phase 3: Final Logic Tuning ===

ðŸ©º [TRAIN] Step 1500
   Losses: Total=1.486 | CLS=0.560 | SEG=0.244
   Pred Dist : {0: 14, 1: 7, 2: 10, 3: 7, 4: 12}
   Label Dist: {0: 11, 1: 5, 2: 15, 3: 6, 4: 13}
   Grad Norm : 3.4916

    >>> Epoch 100 Summary:
    loss=1.3385 | loss_seg=0.2302 | loss_cls=0.4886 | train_acc=0.9300 | 

    --- Validation (Classification) ---
ðŸ“Š [VAL DIST] IDRID_processed_multiclass Predictions: {3: 7, 4: 74}
    [IDRID_processed_multiclass] Acc: 0.2840 | Kappa: -0.0396
ðŸ“Š [VAL DIST] DDR_processed_multiclass Predictions: {0: 3, 1: 2, 2: 21, 3: 39, 4: 692}
    [DDR_processed_multiclass] Acc: 0.1229 | Kappa: 0.0021
    >>> Avg Kappa: -0.0188
    [Save] Checkpoint saved to checkpoints/epoch_100.pth
ðŸ”„ [Trainer] Weights Updated: CLS=2.0 | SEG=1.0 | CON=0.5

=== Epoch 101/200 | Phase 3: Final Logic Tuning ===

    >>> Epoch 101 Summary:
    loss=1.3661 | loss_seg=0.2364 | loss_cls=0.4992 | train_acc=0.9305 | 
ðŸ”„ [Trainer] Weights Updated: CLS=2.0 | SEG=1.0 | CON=0.5

=== Epoch 102/200 | Phase 3: Final Logic Tuning ===

    >>> Epoch 102 Summary:
    loss=1.4148 | loss_seg=0.2368 | loss_cls=0.5199 | train_acc=0.9319 | 
ðŸ”„ [Trainer] Weights Updated: CLS=2.0 | SEG=1.0 | CON=0.5

=== Epoch 103/200 | Phase 3: Final Logic Tuning ===

    >>> Epoch 103 Summary:
    loss=1.3806 | loss_seg=0.2327 | loss_cls=0.5043 | train_acc=0.9264 | 
ðŸ”„ [Trainer] Weights Updated: CLS=2.0 | SEG=1.0 | CON=0.5

=== Epoch 104/200 | Phase 3: Final Logic Tuning ===

ðŸ©º [TRAIN] Step 1550
   Losses: Total=1.179 | CLS=0.422 | SEG=0.207
   Pred Dist : {0: 36, 1: 18, 2: 24, 3: 22, 4: 28}
   Label Dist: {0: 33, 1: 20, 2: 24, 3: 23, 4: 28}
   Grad Norm : 1.7520

    >>> Epoch 104 Summary:
    loss=1.3112 | loss_seg=0.2271 | loss_cls=0.4794 | train_acc=0.9442 | 
ðŸ”„ [Trainer] Weights Updated: CLS=2.0 | SEG=1.0 | CON=0.5

=== Epoch 105/200 | Phase 3: Final Logic Tuning ===

    >>> Epoch 105 Summary:
    loss=1.4212 | loss_seg=0.2360 | loss_cls=0.5226 | train_acc=0.9309 | 

    --- Validation (Classification) ---
ðŸ“Š [VAL DIST] IDRID_processed_multiclass Predictions: {3: 2, 4: 79}
    [IDRID_processed_multiclass] Acc: 0.2840 | Kappa: -0.0158
ðŸ“Š [VAL DIST] DDR_processed_multiclass Predictions: {0: 1, 1: 3, 2: 10, 3: 37, 4: 706}
    [DDR_processed_multiclass] Acc: 0.1136 | Kappa: 0.0014
    >>> Avg Kappa: -0.0072
    [Save] Checkpoint saved to checkpoints/epoch_105.pth
ðŸ”„ [Trainer] Weights Updated: CLS=2.0 | SEG=1.0 | CON=0.5

=== Epoch 106/200 | Phase 3: Final Logic Tuning ===

    >>> Epoch 106 Summary:
    loss=1.3626 | loss_seg=0.2304 | loss_cls=0.5014 | train_acc=0.9253 | 
ðŸ”„ [Trainer] Weights Updated: CLS=2.0 | SEG=1.0 | CON=0.5

=== Epoch 107/200 | Phase 3: Final Logic Tuning ===

ðŸ©º [TRAIN] Step 1600
   Losses: Total=1.421 | CLS=0.538 | SEG=0.221
   Pred Dist : {0: 26, 1: 24, 2: 28, 3: 23, 4: 27}
   Label Dist: {0: 23, 1: 23, 2: 30, 3: 24, 4: 28}
   Grad Norm : 1.7091

    >>> Epoch 107 Summary:
    loss=1.3047 | loss_seg=0.2230 | loss_cls=0.4783 | train_acc=0.9464 | 
ðŸ”„ [Trainer] Weights Updated: CLS=2.0 | SEG=1.0 | CON=0.5

=== Epoch 108/200 | Phase 3: Final Logic Tuning ===

    >>> Epoch 108 Summary:
    loss=1.3279 | loss_seg=0.2218 | loss_cls=0.4898 | train_acc=0.9292 | 
ðŸ”„ [Trainer] Weights Updated: CLS=2.0 | SEG=1.0 | CON=0.5

=== Epoch 109/200 | Phase 3: Final Logic Tuning ===

    >>> Epoch 109 Summary:
    loss=1.3318 | loss_seg=0.2204 | loss_cls=0.4930 | train_acc=0.9411 | 
ðŸ”„ [Trainer] Weights Updated: CLS=2.0 | SEG=1.0 | CON=0.5

=== Epoch 110/200 | Phase 3: Final Logic Tuning ===

ðŸ©º [TRAIN] Step 1650
   Losses: Total=1.487 | CLS=0.577 | SEG=0.223
   Pred Dist : {0: 13, 1: 12, 2: 8, 3: 10, 4: 7}
   Label Dist: {0: 13, 1: 9, 2: 9, 3: 12, 4: 7}
   Grad Norm : 3.3279

    >>> Epoch 110 Summary:
    loss=1.3203 | loss_seg=0.2224 | loss_cls=0.4822 | train_acc=0.9389 | 

    --- Validation (Classification) ---
ðŸ“Š [VAL DIST] IDRID_processed_multiclass Predictions: {3: 11, 4: 70}
    [IDRID_processed_multiclass] Acc: 0.3086 | Kappa: 0.0244
ðŸ“Š [VAL DIST] DDR_processed_multiclass Predictions: {0: 6, 1: 2, 2: 13, 3: 91, 4: 645}
    [DDR_processed_multiclass] Acc: 0.1229 | Kappa: 0.0014
    >>> Avg Kappa: 0.0129
    [Save] Checkpoint saved to checkpoints/epoch_110.pth
ðŸ”„ [Trainer] Weights Updated: CLS=2.0 | SEG=1.0 | CON=0.5

=== Epoch 111/200 | Phase 3: Final Logic Tuning ===

    >>> Epoch 111 Summary:
    loss=1.3298 | loss_seg=0.2219 | loss_cls=0.4864 | train_acc=0.9386 | 
ðŸ”„ [Trainer] Weights Updated: CLS=2.0 | SEG=1.0 | CON=0.5

=== Epoch 112/200 | Phase 3: Final Logic Tuning ===

    >>> Epoch 112 Summary:
    loss=1.3523 | loss_seg=0.2216 | loss_cls=0.4972 | train_acc=0.9345 | 
ðŸ”„ [Trainer] Weights Updated: CLS=2.0 | SEG=1.0 | CON=0.5

=== Epoch 113/200 | Phase 3: Final Logic Tuning ===

    >>> Epoch 113 Summary:
    loss=1.2655 | loss_seg=0.2151 | loss_cls=0.4609 | train_acc=0.9384 | 
ðŸ”„ [Trainer] Weights Updated: CLS=2.0 | SEG=1.0 | CON=0.5

=== Epoch 114/200 | Phase 3: Final Logic Tuning ===

ðŸ©º [TRAIN] Step 1700
   Losses: Total=1.349 | CLS=0.492 | SEG=0.221
   Pred Dist : {0: 25, 1: 27, 2: 19, 3: 29, 4: 28}
   Label Dist: {0: 22, 1: 29, 2: 19, 3: 30, 4: 28}
   Grad Norm : 1.4003

    >>> Epoch 114 Summary:
    loss=1.3682 | loss_seg=0.2228 | loss_cls=0.5046 | train_acc=0.9313 | 
ðŸ”„ [Trainer] Weights Updated: CLS=2.0 | SEG=1.0 | CON=0.5

=== Epoch 115/200 | Phase 3: Final Logic Tuning ===

    >>> Epoch 115 Summary:
    loss=1.2561 | loss_seg=0.2155 | loss_cls=0.4574 | train_acc=0.9521 | 

    --- Validation (Classification) ---
ðŸ“Š [VAL DIST] IDRID_processed_multiclass Predictions: {3: 18, 4: 63}
    [IDRID_processed_multiclass] Acc: 0.2469 | Kappa: -0.0705
ðŸ“Š [VAL DIST] DDR_processed_multiclass Predictions: {0: 2, 2: 12, 3: 95, 4: 648}
    [DDR_processed_multiclass] Acc: 0.1229 | Kappa: -0.0050
    >>> Avg Kappa: -0.0377
    [Save] Checkpoint saved to checkpoints/epoch_115.pth
ðŸ”„ [Trainer] Weights Updated: CLS=2.0 | SEG=1.0 | CON=0.5

=== Epoch 116/200 | Phase 3: Final Logic Tuning ===

    >>> Epoch 116 Summary:
    loss=1.3255 | loss_seg=0.2183 | loss_cls=0.4891 | train_acc=0.9382 | 
ðŸ”„ [Trainer] Weights Updated: CLS=2.0 | SEG=1.0 | CON=0.5

=== Epoch 117/200 | Phase 3: Final Logic Tuning ===

ðŸ©º [TRAIN] Step 1750
   Losses: Total=1.261 | CLS=0.469 | SEG=0.205
   Pred Dist : {0: 29, 1: 26, 2: 22, 3: 24, 4: 27}
   Label Dist: {0: 25, 1: 27, 2: 24, 3: 25, 4: 27}
   Grad Norm : 1.4163

    >>> Epoch 117 Summary:
    loss=1.3015 | loss_seg=0.2161 | loss_cls=0.4823 | train_acc=0.9365 | 
ðŸ”„ [Trainer] Weights Updated: CLS=2.0 | SEG=1.0 | CON=0.5

=== Epoch 118/200 | Phase 3: Final Logic Tuning ===

    >>> Epoch 118 Summary:
    loss=1.3109 | loss_seg=0.2147 | loss_cls=0.4820 | train_acc=0.9399 | 
ðŸ”„ [Trainer] Weights Updated: CLS=2.0 | SEG=1.0 | CON=0.5

=== Epoch 119/200 | Phase 3: Final Logic Tuning ===

    >>> Epoch 119 Summary:
    loss=1.3058 | loss_seg=0.2168 | loss_cls=0.4777 | train_acc=0.9363 | 
ðŸ”„ [Trainer] Weights Updated: CLS=2.0 | SEG=1.0 | CON=0.5

=== Epoch 120/200 | Phase 3: Final Logic Tuning ===

ðŸ©º [TRAIN] Step 1800
   Losses: Total=1.134 | CLS=0.399 | SEG=0.206
   Pred Dist : {0: 13, 1: 9, 2: 8, 3: 7, 4: 13}
   Label Dist: {0: 12, 1: 9, 2: 7, 3: 8, 4: 14}
   Grad Norm : 2.3793

    >>> Epoch 120 Summary:
    loss=1.2932 | loss_seg=0.2168 | loss_cls=0.4728 | train_acc=0.9442 | 

    --- Validation (Classification) ---
ðŸ“Š [VAL DIST] IDRID_processed_multiclass Predictions: {3: 27, 4: 54}
    [IDRID_processed_multiclass] Acc: 0.2840 | Kappa: -0.0576
ðŸ“Š [VAL DIST] DDR_processed_multiclass Predictions: {0: 11, 1: 3, 2: 15, 3: 106, 4: 622}
    [DDR_processed_multiclass] Acc: 0.1268 | Kappa: 0.0002
    >>> Avg Kappa: -0.0287
    [Save] Checkpoint saved to checkpoints/epoch_120.pth
ðŸ”„ [Trainer] Weights Updated: CLS=2.0 | SEG=1.0 | CON=0.5

=== Epoch 121/200 | Phase 3: Final Logic Tuning ===

    >>> Epoch 121 Summary:
    loss=1.2776 | loss_seg=0.2102 | loss_cls=0.4725 | train_acc=0.9499 | 
ðŸ”„ [Trainer] Weights Updated: CLS=2.0 | SEG=1.0 | CON=0.5

=== Epoch 122/200 | Phase 3: Final Logic Tuning ===

    >>> Epoch 122 Summary:
    loss=1.3170 | loss_seg=0.2165 | loss_cls=0.4870 | train_acc=0.9371 | 
ðŸ”„ [Trainer] Weights Updated: CLS=2.0 | SEG=1.0 | CON=0.5

=== Epoch 123/200 | Phase 3: Final Logic Tuning ===

    >>> Epoch 123 Summary:
    loss=1.2896 | loss_seg=0.2137 | loss_cls=0.4735 | train_acc=0.9465 | 
ðŸ”„ [Trainer] Weights Updated: CLS=2.0 | SEG=1.0 | CON=0.5

=== Epoch 124/200 | Phase 3: Final Logic Tuning ===

ðŸ©º [TRAIN] Step 1850
   Losses: Total=1.201 | CLS=0.431 | SEG=0.214
   Pred Dist : {0: 28, 1: 24, 2: 22, 3: 23, 4: 31}
   Label Dist: {0: 26, 1: 25, 2: 22, 3: 23, 4: 32}
   Grad Norm : 1.1061

    >>> Epoch 124 Summary:
    loss=1.2603 | loss_seg=0.2033 | loss_cls=0.4688 | train_acc=0.9425 | 
ðŸ”„ [Trainer] Weights Updated: CLS=2.0 | SEG=1.0 | CON=0.5

=== Epoch 125/200 | Phase 3: Final Logic Tuning ===

    >>> Epoch 125 Summary:
    loss=1.2597 | loss_seg=0.2059 | loss_cls=0.4639 | train_acc=0.9434 | 

    --- Validation (Classification) ---
ðŸ“Š [VAL DIST] IDRID_processed_multiclass Predictions: {3: 47, 4: 34}
    [IDRID_processed_multiclass] Acc: 0.2963 | Kappa: 0.0412
ðŸ“Š [VAL DIST] DDR_processed_multiclass Predictions: {0: 5, 1: 1, 2: 15, 3: 204, 4: 532}
    [DDR_processed_multiclass] Acc: 0.1242 | Kappa: -0.0077
    >>> Avg Kappa: 0.0167
    [Save] Checkpoint saved to checkpoints/epoch_125.pth
ðŸ”„ [Trainer] Weights Updated: CLS=2.0 | SEG=1.0 | CON=0.5

=== Epoch 126/200 | Phase 3: Final Logic Tuning ===

    >>> Epoch 126 Summary:
    loss=1.3182 | loss_seg=0.2079 | loss_cls=0.4927 | train_acc=0.9403 | 
ðŸ”„ [Trainer] Weights Updated: CLS=2.0 | SEG=1.0 | CON=0.5

=== Epoch 127/200 | Phase 3: Final Logic Tuning ===

ðŸ©º [TRAIN] Step 1900
   Losses: Total=1.254 | CLS=0.462 | SEG=0.197
   Pred Dist : {0: 25, 1: 24, 2: 26, 3: 25, 4: 28}
   Label Dist: {0: 24, 1: 25, 2: 26, 3: 25, 4: 28}
   Grad Norm : 1.4562

    >>> Epoch 127 Summary:
    loss=1.3098 | loss_seg=0.2101 | loss_cls=0.4844 | train_acc=0.9412 | 
ðŸ”„ [Trainer] Weights Updated: CLS=2.0 | SEG=1.0 | CON=0.5

=== Epoch 128/200 | Phase 3: Final Logic Tuning ===

    >>> Epoch 128 Summary:
    loss=1.2937 | loss_seg=0.2044 | loss_cls=0.4793 | train_acc=0.9481 | 
ðŸ”„ [Trainer] Weights Updated: CLS=2.0 | SEG=1.0 | CON=0.5

=== Epoch 129/200 | Phase 3: Final Logic Tuning ===

    >>> Epoch 129 Summary:
    loss=1.2689 | loss_seg=0.2069 | loss_cls=0.4653 | train_acc=0.9504 | 
ðŸ”„ [Trainer] Weights Updated: CLS=2.0 | SEG=1.0 | CON=0.5

=== Epoch 130/200 | Phase 3: Final Logic Tuning ===

ðŸ©º [TRAIN] Step 1950
   Losses: Total=1.408 | CLS=0.542 | SEG=0.204
   Pred Dist : {0: 9, 1: 13, 2: 10, 3: 9, 4: 9}
   Label Dist: {0: 9, 1: 12, 2: 11, 3: 9, 4: 9}
   Grad Norm : 2.1813

    >>> Epoch 130 Summary:
    loss=1.3021 | loss_seg=0.2007 | loss_cls=0.4853 | train_acc=0.9397 | 

    --- Validation (Classification) ---
ðŸ“Š [VAL DIST] IDRID_processed_multiclass Predictions: {3: 3, 4: 78}
    [IDRID_processed_multiclass] Acc: 0.2963 | Kappa: -0.0181
ðŸ“Š [VAL DIST] DDR_processed_multiclass Predictions: {0: 3, 1: 5, 2: 4, 3: 30, 4: 715}
    [DDR_processed_multiclass] Acc: 0.1070 | Kappa: 0.0037
    >>> Avg Kappa: -0.0072
    [Save] Checkpoint saved to checkpoints/epoch_130.pth
ðŸ”„ [Trainer] Weights Updated: CLS=2.0 | SEG=1.0 | CON=0.5

=== Epoch 131/200 | Phase 3: Final Logic Tuning ===

    >>> Epoch 131 Summary:
    loss=1.2635 | loss_seg=0.1964 | loss_cls=0.4707 | train_acc=0.9459 | 
ðŸ”„ [Trainer] Weights Updated: CLS=2.0 | SEG=1.0 | CON=0.5

=== Epoch 132/200 | Phase 3: Final Logic Tuning ===

    >>> Epoch 132 Summary:
    loss=1.2598 | loss_seg=0.1974 | loss_cls=0.4702 | train_acc=0.9494 | 
ðŸ”„ [Trainer] Weights Updated: CLS=2.0 | SEG=1.0 | CON=0.5

=== Epoch 133/200 | Phase 3: Final Logic Tuning ===

    >>> Epoch 133 Summary:
    loss=1.2679 | loss_seg=0.1955 | loss_cls=0.4727 | train_acc=0.9425 | 
ðŸ”„ [Trainer] Weights Updated: CLS=2.0 | SEG=1.0 | CON=0.5

=== Epoch 134/200 | Phase 3: Final Logic Tuning ===

ðŸ©º [TRAIN] Step 2000
   Losses: Total=1.227 | CLS=0.447 | SEG=0.208
   Pred Dist : {0: 26, 1: 26, 2: 26, 3: 26, 4: 24}
   Label Dist: {0: 24, 1: 24, 2: 30, 3: 25, 4: 25}
   Grad Norm : 1.0925

    >>> Epoch 134 Summary:
    loss=1.2495 | loss_seg=0.1979 | loss_cls=0.4664 | train_acc=0.9455 | 
ðŸ”„ [Trainer] Weights Updated: CLS=2.0 | SEG=1.0 | CON=0.5

=== Epoch 135/200 | Phase 3: Final Logic Tuning ===

    >>> Epoch 135 Summary:
    loss=1.2544 | loss_seg=0.1917 | loss_cls=0.4692 | train_acc=0.9476 | 

    --- Validation (Classification) ---
ðŸ“Š [VAL DIST] IDRID_processed_multiclass Predictions: {3: 24, 4: 57}
    [IDRID_processed_multiclass] Acc: 0.2593 | Kappa: 0.0217
ðŸ“Š [VAL DIST] DDR_processed_multiclass Predictions: {0: 4, 1: 2, 2: 15, 3: 116, 4: 620}
    [DDR_processed_multiclass] Acc: 0.1255 | Kappa: 0.0094
    >>> Avg Kappa: 0.0156
    [Save] Checkpoint saved to checkpoints/epoch_135.pth
ðŸ”„ [Trainer] Weights Updated: CLS=2.0 | SEG=1.0 | CON=0.5

=== Epoch 136/200 | Phase 3: Final Logic Tuning ===

    >>> Epoch 136 Summary:
    loss=1.2598 | loss_seg=0.1855 | loss_cls=0.4761 | train_acc=0.9368 | 
ðŸ”„ [Trainer] Weights Updated: CLS=2.0 | SEG=1.0 | CON=0.5

=== Epoch 137/200 | Phase 3: Final Logic Tuning ===

ðŸ©º [TRAIN] Step 2050
   Losses: Total=1.410 | CLS=0.554 | SEG=0.181
   Pred Dist : {0: 23, 1: 29, 2: 29, 3: 20, 4: 27}
   Label Dist: {0: 24, 1: 30, 2: 29, 3: 19, 4: 26}
   Grad Norm : 1.4933

    >>> Epoch 137 Summary:
    loss=1.2601 | loss_seg=0.1938 | loss_cls=0.4699 | train_acc=0.9465 | 
ðŸ”„ [Trainer] Weights Updated: CLS=2.0 | SEG=1.0 | CON=0.5

=== Epoch 138/200 | Phase 3: Final Logic Tuning ===

    >>> Epoch 138 Summary:
    loss=1.2701 | loss_seg=0.1964 | loss_cls=0.4726 | train_acc=0.9509 | 
ðŸ”„ [Trainer] Weights Updated: CLS=2.0 | SEG=1.0 | CON=0.5

=== Epoch 139/200 | Phase 3: Final Logic Tuning ===

    >>> Epoch 139 Summary:
    loss=1.3125 | loss_seg=0.1992 | loss_cls=0.4914 | train_acc=0.9387 | 
ðŸ”„ [Trainer] Weights Updated: CLS=2.0 | SEG=1.0 | CON=0.5

=== Epoch 140/200 | Phase 3: Final Logic Tuning ===

ðŸ©º [TRAIN] Step 2100
   Losses: Total=1.037 | CLS=0.365 | SEG=0.175
   Pred Dist : {0: 15, 1: 6, 2: 4, 3: 14, 4: 11}
   Label Dist: {0: 15, 1: 7, 2: 4, 3: 14, 4: 10}
   Grad Norm : 1.1137

    >>> Epoch 140 Summary:
    loss=1.2219 | loss_seg=0.1918 | loss_cls=0.4499 | train_acc=0.9549 | 

    --- Validation (Classification) ---
ðŸ“Š [VAL DIST] IDRID_processed_multiclass Predictions: {3: 44, 4: 37}
    [IDRID_processed_multiclass] Acc: 0.2716 | Kappa: -0.0198
ðŸ“Š [VAL DIST] DDR_processed_multiclass Predictions: {0: 1, 1: 3, 2: 38, 3: 263, 4: 452}
    [DDR_processed_multiclass] Acc: 0.1612 | Kappa: 0.0357
    >>> Avg Kappa: 0.0079
    [Save] Checkpoint saved to checkpoints/epoch_140.pth
ðŸ”„ [Trainer] Weights Updated: CLS=2.0 | SEG=1.0 | CON=0.5

=== Epoch 141/200 | Phase 3: Final Logic Tuning ===

    >>> Epoch 141 Summary:
    loss=1.2471 | loss_seg=0.2023 | loss_cls=0.4615 | train_acc=0.9444 | 
ðŸ”„ [Trainer] Weights Updated: CLS=2.0 | SEG=1.0 | CON=0.5

=== Epoch 142/200 | Phase 3: Final Logic Tuning ===

    >>> Epoch 142 Summary:
    loss=1.2554 | loss_seg=0.1940 | loss_cls=0.4691 | train_acc=0.9437 | 
ðŸ”„ [Trainer] Weights Updated: CLS=2.0 | SEG=1.0 | CON=0.5

=== Epoch 143/200 | Phase 3: Final Logic Tuning ===

    >>> Epoch 143 Summary:
    loss=1.2217 | loss_seg=0.1907 | loss_cls=0.4523 | train_acc=0.9531 | 
ðŸ”„ [Trainer] Weights Updated: CLS=2.0 | SEG=1.0 | CON=0.5

=== Epoch 144/200 | Phase 3: Final Logic Tuning ===

ðŸ©º [TRAIN] Step 2150
   Losses: Total=0.998 | CLS=0.355 | SEG=0.166
   Pred Dist : {0: 36, 1: 26, 2: 20, 3: 15, 4: 31}
   Label Dist: {0: 34, 1: 26, 2: 21, 3: 15, 4: 32}
   Grad Norm : 0.7951

    >>> Epoch 144 Summary:
    loss=1.2590 | loss_seg=0.1916 | loss_cls=0.4717 | train_acc=0.9369 | 
ðŸ”„ [Trainer] Weights Updated: CLS=2.0 | SEG=1.0 | CON=0.5

=== Epoch 145/200 | Phase 3: Final Logic Tuning ===

    >>> Epoch 145 Summary:
    loss=1.2076 | loss_seg=0.1903 | loss_cls=0.4466 | train_acc=0.9609 | 

    --- Validation (Classification) ---
ðŸ“Š [VAL DIST] IDRID_processed_multiclass Predictions: {3: 36, 4: 45}
    [IDRID_processed_multiclass] Acc: 0.2963 | Kappa: 0.0368
ðŸ“Š [VAL DIST] DDR_processed_multiclass Predictions: {0: 1, 1: 2, 2: 23, 3: 244, 4: 487}
    [DDR_processed_multiclass] Acc: 0.1374 | Kappa: 0.0313
    >>> Avg Kappa: 0.0341
    [Save] Checkpoint saved to checkpoints/epoch_145.pth
ðŸ”„ [Trainer] Weights Updated: CLS=2.0 | SEG=1.0 | CON=0.5

=== Epoch 146/200 | Phase 3: Final Logic Tuning ===

    >>> Epoch 146 Summary:
    loss=1.2509 | loss_seg=0.1961 | loss_cls=0.4630 | train_acc=0.9541 | 
ðŸ”„ [Trainer] Weights Updated: CLS=2.0 | SEG=1.0 | CON=0.5

=== Epoch 147/200 | Phase 3: Final Logic Tuning ===

ðŸ©º [TRAIN] Step 2200
   Losses: Total=1.387 | CLS=0.505 | SEG=0.250
   Pred Dist : {0: 26, 1: 15, 2: 29, 3: 33, 4: 25}
   Label Dist: {0: 23, 1: 16, 2: 31, 3: 31, 4: 27}
   Grad Norm : 1.0185

    >>> Epoch 147 Summary:
    loss=1.2325 | loss_seg=0.1958 | loss_cls=0.4594 | train_acc=0.9489 | 
ðŸ”„ [Trainer] Weights Updated: CLS=2.0 | SEG=1.0 | CON=0.5

=== Epoch 148/200 | Phase 3: Final Logic Tuning ===

    >>> Epoch 148 Summary:
    loss=1.2612 | loss_seg=0.2004 | loss_cls=0.4688 | train_acc=0.9518 | 
ðŸ”„ [Trainer] Weights Updated: CLS=2.0 | SEG=1.0 | CON=0.5

=== Epoch 149/200 | Phase 3: Final Logic Tuning ===

    >>> Epoch 149 Summary:
    loss=1.2656 | loss_seg=0.1869 | loss_cls=0.4743 | train_acc=0.9480 | 
ðŸ”„ [Trainer] Weights Updated: CLS=2.0 | SEG=1.0 | CON=0.5

=== Epoch 150/200 | Phase 3: Final Logic Tuning ===

ðŸ©º [TRAIN] Step 2250
   Losses: Total=1.144 | CLS=0.409 | SEG=0.217
   Pred Dist : {0: 10, 1: 15, 2: 6, 3: 13, 4: 6}
   Label Dist: {0: 10, 1: 15, 2: 6, 3: 13, 4: 6}
   Grad Norm : 2.8485

    >>> Epoch 150 Summary:
    loss=1.2265 | loss_seg=0.1903 | loss_cls=0.4556 | train_acc=0.9526 | 

    --- Validation (Classification) ---
ðŸ“Š [VAL DIST] IDRID_processed_multiclass Predictions: {3: 18, 4: 63}
    [IDRID_processed_multiclass] Acc: 0.2963 | Kappa: 0.0352
ðŸ“Š [VAL DIST] DDR_processed_multiclass Predictions: {0: 2, 1: 5, 2: 20, 3: 102, 4: 628}
    [DDR_processed_multiclass] Acc: 0.1268 | Kappa: 0.0170
    >>> Avg Kappa: 0.0261
    [Save] Checkpoint saved to checkpoints/epoch_150.pth
ðŸ”„ [Trainer] Weights Updated: CLS=2.0 | SEG=1.0 | CON=0.5

=== Epoch 151/200 | Phase 3: Final Logic Tuning ===

    >>> Epoch 151 Summary:
    loss=1.2394 | loss_seg=0.1893 | loss_cls=0.4637 | train_acc=0.9481 | 
ðŸ”„ [Trainer] Weights Updated: CLS=2.0 | SEG=1.0 | CON=0.5

=== Epoch 152/200 | Phase 3: Final Logic Tuning ===

    >>> Epoch 152 Summary:
    loss=1.2234 | loss_seg=0.1848 | loss_cls=0.4601 | train_acc=0.9364 | 
ðŸ”„ [Trainer] Weights Updated: CLS=2.0 | SEG=1.0 | CON=0.5

=== Epoch 153/200 | Phase 3: Final Logic Tuning ===

    >>> Epoch 153 Summary:
    loss=1.2612 | loss_seg=0.1937 | loss_cls=0.4702 | train_acc=0.9488 | 
ðŸ”„ [Trainer] Weights Updated: CLS=2.0 | SEG=1.0 | CON=0.5

=== Epoch 154/200 | Phase 3: Final Logic Tuning ===

ðŸ©º [TRAIN] Step 2300
   Losses: Total=1.327 | CLS=0.505 | SEG=0.188
   Pred Dist : {0: 24, 1: 28, 2: 25, 3: 27, 4: 24}
   Label Dist: {0: 22, 1: 28, 2: 26, 3: 27, 4: 25}
   Grad Norm : 0.9901

    >>> Epoch 154 Summary:
    loss=1.2303 | loss_seg=0.1828 | loss_cls=0.4586 | train_acc=0.9442 | 
ðŸ”„ [Trainer] Weights Updated: CLS=2.0 | SEG=1.0 | CON=0.5

=== Epoch 155/200 | Phase 3: Final Logic Tuning ===

    >>> Epoch 155 Summary:
    loss=1.2513 | loss_seg=0.1850 | loss_cls=0.4683 | train_acc=0.9515 | 

    --- Validation (Classification) ---
ðŸ“Š [VAL DIST] IDRID_processed_multiclass Predictions: {3: 16, 4: 65}
    [IDRID_processed_multiclass] Acc: 0.2840 | Kappa: 0.0264
ðŸ“Š [VAL DIST] DDR_processed_multiclass Predictions: {0: 3, 1: 1, 2: 11, 3: 120, 4: 622}
    [DDR_processed_multiclass] Acc: 0.1096 | Kappa: 0.0136
    >>> Avg Kappa: 0.0200
    [Save] Checkpoint saved to checkpoints/epoch_155.pth
ðŸ”„ [Trainer] Weights Updated: CLS=2.0 | SEG=1.0 | CON=0.5

=== Epoch 156/200 | Phase 3: Final Logic Tuning ===

    >>> Epoch 156 Summary:
    loss=1.2316 | loss_seg=0.1866 | loss_cls=0.4600 | train_acc=0.9622 | 
ðŸ”„ [Trainer] Weights Updated: CLS=2.0 | SEG=1.0 | CON=0.5

=== Epoch 157/200 | Phase 3: Final Logic Tuning ===

ðŸ©º [TRAIN] Step 2350
   Losses: Total=1.147 | CLS=0.429 | SEG=0.166
   Pred Dist : {0: 28, 1: 25, 2: 28, 3: 25, 4: 22}
   Label Dist: {0: 25, 1: 28, 2: 29, 3: 25, 4: 21}
   Grad Norm : 0.6722

    >>> Epoch 157 Summary:
    loss=1.2188 | loss_seg=0.1827 | loss_cls=0.4572 | train_acc=0.9403 | 
ðŸ”„ [Trainer] Weights Updated: CLS=2.0 | SEG=1.0 | CON=0.5

=== Epoch 158/200 | Phase 3: Final Logic Tuning ===

    >>> Epoch 158 Summary:
    loss=1.2081 | loss_seg=0.1810 | loss_cls=0.4524 | train_acc=0.9478 | 
ðŸ”„ [Trainer] Weights Updated: CLS=2.0 | SEG=1.0 | CON=0.5

=== Epoch 159/200 | Phase 3: Final Logic Tuning ===

    >>> Epoch 159 Summary:
    loss=1.2407 | loss_seg=0.1890 | loss_cls=0.4646 | train_acc=0.9604 | 
ðŸ”„ [Trainer] Weights Updated: CLS=2.0 | SEG=1.0 | CON=0.5

=== Epoch 160/200 | Phase 3: Final Logic Tuning ===

ðŸ©º [TRAIN] Step 2400
   Losses: Total=1.177 | CLS=0.422 | SEG=0.202
   Pred Dist : {0: 13, 1: 8, 2: 7, 3: 11, 4: 11}
   Label Dist: {0: 13, 1: 5, 2: 9, 3: 14, 4: 9}
   Grad Norm : 2.8580

    >>> Epoch 160 Summary:
    loss=1.2630 | loss_seg=0.1823 | loss_cls=0.4759 | train_acc=0.9480 | 

    --- Validation (Classification) ---
ðŸ“Š [VAL DIST] IDRID_processed_multiclass Predictions: {3: 12, 4: 69}
    [IDRID_processed_multiclass] Acc: 0.2716 | Kappa: -0.0153
ðŸ“Š [VAL DIST] DDR_processed_multiclass Predictions: {0: 1, 1: 4, 2: 23, 3: 107, 4: 622}
    [DDR_processed_multiclass] Acc: 0.1242 | Kappa: 0.0268
    >>> Avg Kappa: 0.0057
    [Save] Checkpoint saved to checkpoints/epoch_160.pth
ðŸ”„ [Trainer] Weights Updated: CLS=2.0 | SEG=1.0 | CON=0.5

=== Epoch 161/200 | Phase 3: Final Logic Tuning ===

    >>> Epoch 161 Summary:
    loss=1.1917 | loss_seg=0.1770 | loss_cls=0.4466 | train_acc=0.9531 | 
ðŸ”„ [Trainer] Weights Updated: CLS=2.0 | SEG=1.0 | CON=0.5

=== Epoch 162/200 | Phase 3: Final Logic Tuning ===

    >>> Epoch 162 Summary:
    loss=1.1849 | loss_seg=0.1755 | loss_cls=0.4434 | train_acc=0.9575 | 
ðŸ”„ [Trainer] Weights Updated: CLS=2.0 | SEG=1.0 | CON=0.5

=== Epoch 163/200 | Phase 3: Final Logic Tuning ===

    >>> Epoch 163 Summary:
    loss=1.2684 | loss_seg=0.1792 | loss_cls=0.4839 | train_acc=0.9463 | 
ðŸ”„ [Trainer] Weights Updated: CLS=2.0 | SEG=1.0 | CON=0.5

=== Epoch 164/200 | Phase 3: Final Logic Tuning ===

ðŸ©º [TRAIN] Step 2450
   Losses: Total=1.178 | CLS=0.425 | SEG=0.189
   Pred Dist : {0: 30, 1: 26, 2: 20, 3: 25, 4: 27}
   Label Dist: {0: 29, 1: 25, 2: 22, 3: 25, 4: 27}
   Grad Norm : 1.7109

    >>> Epoch 164 Summary:
    loss=1.1769 | loss_seg=0.1780 | loss_cls=0.4345 | train_acc=0.9543 | 
ðŸ”„ [Trainer] Weights Updated: CLS=2.0 | SEG=1.0 | CON=0.5

=== Epoch 165/200 | Phase 3: Final Logic Tuning ===

    >>> Epoch 165 Summary:
    loss=1.2014 | loss_seg=0.1771 | loss_cls=0.4519 | train_acc=0.9518 | 

    --- Validation (Classification) ---
ðŸ“Š [VAL DIST] IDRID_processed_multiclass Predictions: {3: 37, 4: 44}
    [IDRID_processed_multiclass] Acc: 0.2716 | Kappa: 0.0343
ðŸ“Š [VAL DIST] DDR_processed_multiclass Predictions: {0: 1, 1: 2, 2: 34, 3: 317, 4: 403}
    [DDR_processed_multiclass] Acc: 0.1559 | Kappa: 0.0503
    >>> Avg Kappa: 0.0423
    [Save] Checkpoint saved to checkpoints/epoch_165.pth
ðŸ”„ [Trainer] Weights Updated: CLS=2.0 | SEG=1.0 | CON=0.5

=== Epoch 166/200 | Phase 3: Final Logic Tuning ===

    >>> Epoch 166 Summary:
    loss=1.2157 | loss_seg=0.1870 | loss_cls=0.4560 | train_acc=0.9511 | 
ðŸ”„ [Trainer] Weights Updated: CLS=2.0 | SEG=1.0 | CON=0.5

=== Epoch 167/200 | Phase 3: Final Logic Tuning ===

ðŸ©º [TRAIN] Step 2500
   Losses: Total=1.182 | CLS=0.454 | SEG=0.156
   Pred Dist : {0: 27, 1: 27, 2: 23, 3: 23, 4: 28}
   Label Dist: {0: 24, 1: 28, 2: 26, 3: 22, 4: 28}
   Grad Norm : 0.8029

    >>> Epoch 167 Summary:
    loss=1.1576 | loss_seg=0.1744 | loss_cls=0.4332 | train_acc=0.9467 | 
ðŸ”„ [Trainer] Weights Updated: CLS=2.0 | SEG=1.0 | CON=0.5

=== Epoch 168/200 | Phase 3: Final Logic Tuning ===

    >>> Epoch 168 Summary:
    loss=1.1978 | loss_seg=0.1784 | loss_cls=0.4490 | train_acc=0.9467 | 
ðŸ”„ [Trainer] Weights Updated: CLS=2.0 | SEG=1.0 | CON=0.5

=== Epoch 169/200 | Phase 3: Final Logic Tuning ===

    >>> Epoch 169 Summary:
    loss=1.2085 | loss_seg=0.1799 | loss_cls=0.4515 | train_acc=0.9538 | 
ðŸ”„ [Trainer] Weights Updated: CLS=2.0 | SEG=1.0 | CON=0.5

=== Epoch 170/200 | Phase 3: Final Logic Tuning ===

ðŸ©º [TRAIN] Step 2550
   Losses: Total=1.236 | CLS=0.471 | SEG=0.170
   Pred Dist : {0: 10, 1: 12, 2: 9, 3: 10, 4: 9}
   Label Dist: {0: 10, 1: 11, 2: 11, 3: 9, 4: 9}
   Grad Norm : 1.6607

    >>> Epoch 170 Summary:
    loss=1.2034 | loss_seg=0.1712 | loss_cls=0.4543 | train_acc=0.9465 | 

    --- Validation (Classification) ---
ðŸ“Š [VAL DIST] IDRID_processed_multiclass Predictions: {3: 18, 4: 63}
    [IDRID_processed_multiclass] Acc: 0.2840 | Kappa: 0.0088
ðŸ“Š [VAL DIST] DDR_processed_multiclass Predictions: {0: 1, 1: 3, 2: 9, 3: 160, 4: 584}
    [DDR_processed_multiclass] Acc: 0.1176 | Kappa: 0.0167
    >>> Avg Kappa: 0.0128
    [Save] Checkpoint saved to checkpoints/epoch_170.pth
ðŸ”„ [Trainer] Weights Updated: CLS=2.0 | SEG=1.0 | CON=0.5

=== Epoch 171/200 | Phase 3: Final Logic Tuning ===

    >>> Epoch 171 Summary:
    loss=1.1859 | loss_seg=0.1717 | loss_cls=0.4459 | train_acc=0.9564 | 
ðŸ”„ [Trainer] Weights Updated: CLS=2.0 | SEG=1.0 | CON=0.5

=== Epoch 172/200 | Phase 3: Final Logic Tuning ===

    >>> Epoch 172 Summary:
    loss=1.2096 | loss_seg=0.1770 | loss_cls=0.4561 | train_acc=0.9580 | 
ðŸ”„ [Trainer] Weights Updated: CLS=2.0 | SEG=1.0 | CON=0.5

=== Epoch 173/200 | Phase 3: Final Logic Tuning ===

    >>> Epoch 173 Summary:
    loss=1.2150 | loss_seg=0.1772 | loss_cls=0.4552 | train_acc=0.9514 | 
ðŸ”„ [Trainer] Weights Updated: CLS=2.0 | SEG=1.0 | CON=0.5

=== Epoch 174/200 | Phase 3: Final Logic Tuning ===

ðŸ©º [TRAIN] Step 2600
   Losses: Total=1.173 | CLS=0.448 | SEG=0.157
   Pred Dist : {0: 28, 1: 28, 2: 23, 3: 22, 4: 27}
   Label Dist: {0: 26, 1: 28, 2: 26, 3: 21, 4: 27}
   Grad Norm : 1.3211

    >>> Epoch 174 Summary:
    loss=1.1792 | loss_seg=0.1713 | loss_cls=0.4428 | train_acc=0.9575 | 
ðŸ”„ [Trainer] Weights Updated: CLS=2.0 | SEG=1.0 | CON=0.5

=== Epoch 175/200 | Phase 3: Final Logic Tuning ===

    >>> Epoch 175 Summary:
    loss=1.1906 | loss_seg=0.1714 | loss_cls=0.4493 | train_acc=0.9544 | 

    --- Validation (Classification) ---
ðŸ“Š [VAL DIST] IDRID_processed_multiclass Predictions: {3: 58, 4: 23}
    [IDRID_processed_multiclass] Acc: 0.2469 | Kappa: -0.0568
ðŸ“Š [VAL DIST] DDR_processed_multiclass Predictions: {0: 1, 1: 4, 2: 9, 3: 360, 4: 383}
    [DDR_processed_multiclass] Acc: 0.1189 | Kappa: 0.0454
    >>> Avg Kappa: -0.0057
    [Save] Checkpoint saved to checkpoints/epoch_175.pth
ðŸ”„ [Trainer] Weights Updated: CLS=2.0 | SEG=1.0 | CON=0.5

=== Epoch 176/200 | Phase 3: Final Logic Tuning ===

    >>> Epoch 176 Summary:
    loss=1.1525 | loss_seg=0.1686 | loss_cls=0.4322 | train_acc=0.9551 | 
ðŸ”„ [Trainer] Weights Updated: CLS=2.0 | SEG=1.0 | CON=0.5

=== Epoch 177/200 | Phase 3: Final Logic Tuning ===

ðŸ©º [TRAIN] Step 2650
   Losses: Total=1.415 | CLS=0.547 | SEG=0.204
   Pred Dist : {0: 21, 1: 25, 2: 31, 3: 25, 4: 26}
   Label Dist: {0: 20, 1: 26, 2: 34, 3: 23, 4: 25}
   Grad Norm : 1.0809

    >>> Epoch 177 Summary:
    loss=1.2017 | loss_seg=0.1719 | loss_cls=0.4553 | train_acc=0.9530 | 
ðŸ”„ [Trainer] Weights Updated: CLS=2.0 | SEG=1.0 | CON=0.5

=== Epoch 178/200 | Phase 3: Final Logic Tuning ===

    >>> Epoch 178 Summary:
    loss=1.1978 | loss_seg=0.1698 | loss_cls=0.4528 | train_acc=0.9606 | 
ðŸ”„ [Trainer] Weights Updated: CLS=2.0 | SEG=1.0 | CON=0.5

=== Epoch 179/200 | Phase 3: Final Logic Tuning ===

    >>> Epoch 179 Summary:
    loss=1.1917 | loss_seg=0.1646 | loss_cls=0.4503 | train_acc=0.9525 | 
ðŸ”„ [Trainer] Weights Updated: CLS=2.0 | SEG=1.0 | CON=0.5

=== Epoch 180/200 | Phase 3: Final Logic Tuning ===

ðŸ©º [TRAIN] Step 2700
   Losses: Total=1.185 | CLS=0.457 | SEG=0.160
   Pred Dist : {0: 11, 1: 14, 2: 7, 3: 10, 4: 8}
   Label Dist: {0: 10, 1: 13, 2: 10, 3: 10, 4: 7}
   Grad Norm : 2.6554

    >>> Epoch 180 Summary:
    loss=1.2142 | loss_seg=0.1756 | loss_cls=0.4579 | train_acc=0.9511 | 

    --- Validation (Classification) ---
ðŸ“Š [VAL DIST] IDRID_processed_multiclass Predictions: {3: 53, 4: 28}
    [IDRID_processed_multiclass] Acc: 0.2593 | Kappa: -0.0351
ðŸ“Š [VAL DIST] DDR_processed_multiclass Predictions: {0: 2, 1: 2, 2: 22, 3: 311, 4: 420}
    [DDR_processed_multiclass] Acc: 0.1374 | Kappa: 0.0429
    >>> Avg Kappa: 0.0039
    [Save] Checkpoint saved to checkpoints/epoch_180.pth
ðŸ”„ [Trainer] Weights Updated: CLS=2.0 | SEG=1.0 | CON=0.5

=== Epoch 181/200 | Phase 3: Final Logic Tuning ===

    >>> Epoch 181 Summary:
    loss=1.2077 | loss_seg=0.1684 | loss_cls=0.4571 | train_acc=0.9459 | 
ðŸ”„ [Trainer] Weights Updated: CLS=2.0 | SEG=1.0 | CON=0.5

=== Epoch 182/200 | Phase 3: Final Logic Tuning ===

    >>> Epoch 182 Summary:
    loss=1.2129 | loss_seg=0.1695 | loss_cls=0.4596 | train_acc=0.9517 | 
ðŸ”„ [Trainer] Weights Updated: CLS=2.0 | SEG=1.0 | CON=0.5

=== Epoch 183/200 | Phase 3: Final Logic Tuning ===

    >>> Epoch 183 Summary:
    loss=1.1844 | loss_seg=0.1693 | loss_cls=0.4466 | train_acc=0.9528 | 
ðŸ”„ [Trainer] Weights Updated: CLS=2.0 | SEG=1.0 | CON=0.5

=== Epoch 184/200 | Phase 3: Final Logic Tuning ===

ðŸ©º [TRAIN] Step 2750
   Losses: Total=1.041 | CLS=0.385 | SEG=0.152
   Pred Dist : {0: 35, 1: 21, 2: 23, 3: 20, 4: 29}
   Label Dist: {0: 35, 1: 18, 2: 28, 3: 20, 4: 27}
   Grad Norm : 0.8672

    >>> Epoch 184 Summary:
    loss=1.1653 | loss_seg=0.1718 | loss_cls=0.4374 | train_acc=0.9593 | 
ðŸ”„ [Trainer] Weights Updated: CLS=2.0 | SEG=1.0 | CON=0.5

=== Epoch 185/200 | Phase 3: Final Logic Tuning ===

    >>> Epoch 185 Summary:
    loss=1.1540 | loss_seg=0.1696 | loss_cls=0.4349 | train_acc=0.9520 | 

    --- Validation (Classification) ---
ðŸ“Š [VAL DIST] IDRID_processed_multiclass Predictions: {3: 55, 4: 26}
    [IDRID_processed_multiclass] Acc: 0.2840 | Kappa: 0.0361
ðŸ“Š [VAL DIST] DDR_processed_multiclass Predictions: {1: 4, 2: 11, 3: 288, 4: 454}
    [DDR_processed_multiclass] Acc: 0.1268 | Kappa: 0.0188
    >>> Avg Kappa: 0.0274
    [Save] Checkpoint saved to checkpoints/epoch_185.pth
ðŸ”„ [Trainer] Weights Updated: CLS=2.0 | SEG=1.0 | CON=0.5

=== Epoch 186/200 | Phase 3: Final Logic Tuning ===

    >>> Epoch 186 Summary:
    loss=1.2158 | loss_seg=0.1689 | loss_cls=0.4620 | train_acc=0.9627 | 
ðŸ”„ [Trainer] Weights Updated: CLS=2.0 | SEG=1.0 | CON=0.5

=== Epoch 187/200 | Phase 3: Final Logic Tuning ===

ðŸ©º [TRAIN] Step 2800
   Losses: Total=1.005 | CLS=0.363 | SEG=0.160
   Pred Dist : {0: 36, 1: 21, 2: 22, 3: 22, 4: 27}
   Label Dist: {0: 36, 1: 23, 2: 22, 3: 22, 4: 25}
   Grad Norm : 0.5671

    >>> Epoch 187 Summary:
    loss=1.1648 | loss_seg=0.1667 | loss_cls=0.4367 | train_acc=0.9610 | 
ðŸ”„ [Trainer] Weights Updated: CLS=2.0 | SEG=1.0 | CON=0.5

=== Epoch 188/200 | Phase 3: Final Logic Tuning ===

    >>> Epoch 188 Summary:
    loss=1.2061 | loss_seg=0.1692 | loss_cls=0.4576 | train_acc=0.9598 | 
ðŸ”„ [Trainer] Weights Updated: CLS=2.0 | SEG=1.0 | CON=0.5

=== Epoch 189/200 | Phase 3: Final Logic Tuning ===

    >>> Epoch 189 Summary:
    loss=1.1742 | loss_seg=0.1722 | loss_cls=0.4391 | train_acc=0.9679 | 
ðŸ”„ [Trainer] Weights Updated: CLS=2.0 | SEG=1.0 | CON=0.5

=== Epoch 190/200 | Phase 3: Final Logic Tuning ===

ðŸ©º [TRAIN] Step 2850
   Losses: Total=1.080 | CLS=0.410 | SEG=0.144
   Pred Dist : {0: 8, 1: 13, 2: 10, 3: 9, 4: 10}
   Label Dist: {0: 8, 1: 13, 2: 10, 3: 8, 4: 11}
   Grad Norm : 1.7075

    >>> Epoch 190 Summary:
    loss=1.1716 | loss_seg=0.1663 | loss_cls=0.4435 | train_acc=0.9632 | 

    --- Validation (Classification) ---
ðŸ“Š [VAL DIST] IDRID_processed_multiclass Predictions: {3: 46, 4: 35}
    [IDRID_processed_multiclass] Acc: 0.2346 | Kappa: -0.0446
ðŸ“Š [VAL DIST] DDR_processed_multiclass Predictions: {1: 5, 2: 13, 3: 394, 4: 345}
    [DDR_processed_multiclass] Acc: 0.1347 | Kappa: 0.0707
    >>> Avg Kappa: 0.0131
    [Save] Checkpoint saved to checkpoints/epoch_190.pth
ðŸ”„ [Trainer] Weights Updated: CLS=2.0 | SEG=1.0 | CON=0.5

=== Epoch 191/200 | Phase 3: Final Logic Tuning ===

    >>> Epoch 191 Summary:
    loss=1.1769 | loss_seg=0.1645 | loss_cls=0.4458 | train_acc=0.9580 | 
ðŸ”„ [Trainer] Weights Updated: CLS=2.0 | SEG=1.0 | CON=0.5

=== Epoch 192/200 | Phase 3: Final Logic Tuning ===

    >>> Epoch 192 Summary:
    loss=1.1743 | loss_seg=0.1701 | loss_cls=0.4435 | train_acc=0.9572 | 
ðŸ”„ [Trainer] Weights Updated: CLS=2.0 | SEG=1.0 | CON=0.5

=== Epoch 193/200 | Phase 3: Final Logic Tuning ===

    >>> Epoch 193 Summary:
    loss=1.1777 | loss_seg=0.1629 | loss_cls=0.4480 | train_acc=0.9444 | 
ðŸ”„ [Trainer] Weights Updated: CLS=2.0 | SEG=1.0 | CON=0.5

=== Epoch 194/200 | Phase 3: Final Logic Tuning ===

ðŸ©º [TRAIN] Step 2900
   Losses: Total=1.223 | CLS=0.472 | SEG=0.157
   Pred Dist : {0: 26, 1: 33, 2: 17, 3: 27, 4: 25}
   Label Dist: {0: 25, 1: 33, 2: 19, 3: 27, 4: 24}
   Grad Norm : 0.8212

    >>> Epoch 194 Summary:
    loss=1.1766 | loss_seg=0.1583 | loss_cls=0.4487 | train_acc=0.9552 | 
ðŸ”„ [Trainer] Weights Updated: CLS=2.0 | SEG=1.0 | CON=0.5

=== Epoch 195/200 | Phase 3: Final Logic Tuning ===

    >>> Epoch 195 Summary:
    loss=1.1589 | loss_seg=0.1647 | loss_cls=0.4389 | train_acc=0.9583 | 

    --- Validation (Classification) ---
ðŸ“Š [VAL DIST] IDRID_processed_multiclass Predictions: {3: 30, 4: 51}
    [IDRID_processed_multiclass] Acc: 0.2840 | Kappa: 0.0214
ðŸ“Š [VAL DIST] DDR_processed_multiclass Predictions: {0: 5, 1: 5, 2: 13, 3: 251, 4: 483}
    [DDR_processed_multiclass] Acc: 0.1374 | Kappa: 0.0429
    >>> Avg Kappa: 0.0322
    [Save] Checkpoint saved to checkpoints/epoch_195.pth
ðŸ”„ [Trainer] Weights Updated: CLS=2.0 | SEG=1.0 | CON=0.5

=== Epoch 196/200 | Phase 3: Final Logic Tuning ===

    >>> Epoch 196 Summary:
    loss=1.1446 | loss_seg=0.1635 | loss_cls=0.4319 | train_acc=0.9604 | 
ðŸ”„ [Trainer] Weights Updated: CLS=2.0 | SEG=1.0 | CON=0.5

=== Epoch 197/200 | Phase 3: Final Logic Tuning ===

ðŸ©º [TRAIN] Step 2950
   Losses: Total=1.120 | CLS=0.421 | SEG=0.154
   Pred Dist : {0: 25, 1: 28, 2: 23, 3: 22, 4: 30}
   Label Dist: {0: 25, 1: 27, 2: 25, 3: 21, 4: 30}
   Grad Norm : 0.5475

    >>> Epoch 197 Summary:
    loss=1.2020 | loss_seg=0.1650 | loss_cls=0.4584 | train_acc=0.9515 | 
ðŸ”„ [Trainer] Weights Updated: CLS=2.0 | SEG=1.0 | CON=0.5

=== Epoch 198/200 | Phase 3: Final Logic Tuning ===

    >>> Epoch 198 Summary:
    loss=1.1745 | loss_seg=0.1644 | loss_cls=0.4425 | train_acc=0.9637 | 
ðŸ”„ [Trainer] Weights Updated: CLS=2.0 | SEG=1.0 | CON=0.5

=== Epoch 199/200 | Phase 3: Final Logic Tuning ===

    >>> Epoch 199 Summary:
    loss=1.1874 | loss_seg=0.1578 | loss_cls=0.4514 | train_acc=0.9573 | 
ðŸ”„ [Trainer] Weights Updated: CLS=2.0 | SEG=1.0 | CON=0.5

=== Epoch 200/200 | Phase 3: Final Logic Tuning ===

ðŸ©º [TRAIN] Step 3000
   Losses: Total=1.479 | CLS=0.570 | SEG=0.192
   Pred Dist : {0: 4, 1: 9, 2: 11, 3: 9, 4: 17}
   Label Dist: {0: 4, 1: 9, 2: 11, 3: 7, 4: 19}
   Grad Norm : 3.9659

    >>> Epoch 200 Summary:
    loss=1.1903 | loss_seg=0.1626 | loss_cls=0.4518 | train_acc=0.9640 | 

    --- Validation (Classification) ---
ðŸ“Š [VAL DIST] IDRID_processed_multiclass Predictions: {3: 20, 4: 61}
    [IDRID_processed_multiclass] Acc: 0.2469 | Kappa: -0.0095
ðŸ“Š [VAL DIST] DDR_processed_multiclass Predictions: {0: 5, 1: 5, 2: 11, 3: 111, 4: 625}
    [DDR_processed_multiclass] Acc: 0.1202 | Kappa: 0.0157
    >>> Avg Kappa: 0.0031
    [Save] Checkpoint saved to checkpoints/epoch_200.pth
Job finished with status 0
